{"sent":true,"message":"Sent to 573132318907@c.us","id":"true_573132318907@c.us_3EB020E3D238C3F497AE","queueNumber":1506}
{"sent":true,"message":"Sent to 573132318907@c.us","id":"true_573132318907@c.us_3EB04D56938D67305F5E","queueNumber":1507}
{"sent":true,"message":"Sent to 34654448905@c.us","id":"true_34654448905@c.us_3EB05EDBC0A69DADE5DE","queueNumber":1508}
{"sent":true,"message":"Sent to 573132318907@c.us","id":"true_573132318907@c.us_3EB00184E81F1A498839","queueNumber":1742}
{"sent":true,"message":"Sent to 573132318907@c.us","id":"true_573132318907@c.us_3EB0085B6875FE1325EF","queueNumber":1743}
{"sent":true,"message":"Sent to 573132318907@c.us","id":"true_573132318907@c.us_3EB050220D9762067F14","queueNumber":1744}
{"sent":true,"message":"Sent to 573132318907@c.us","id":"true_573132318907@c.us_3EB007A846C164C5FF2E","queueNumber":1745}
{"sent":true,"message":"Sent to 573132318907@c.us","id":"true_573132318907@c.us_3EB0FEFBB08861DD3D6B","queueNumber":1746}
{"sent":true,"message":"Sent to 573132318907@c.us","id":"true_573132318907@c.us_3EB02A10F10B37FDA948","queueNumber":534}
{"sent":true,"message":"Sent to 573132318907@c.us","id":"true_573132318907@c.us_3EB0DE4D005B23CFEA19","queueNumber":535}
{"sent":true,"message":"Sent to 573132318907@c.us","id":"true_573132318907@c.us_3EB0D3D91A5B2484DA57","queueNumber":536}
{"sent":true,"message":"Sent to 573132318907@c.us","id":"true_573132318907@c.us_3EB00EB6DAE4F8711866","queueNumber":537}
{"sent":true,"message":"Sent to 573132318907@c.us","id":"true_573132318907@c.us_3EB02271809C149187DC","queueNumber":538}
{"sent":true,"message":"Sent to 573132318907@c.us","id":"true_573132318907@c.us_3EB0826B3D64C06D1A7A","queueNumber":539}
{"sent":true,"message":"Sent to 573132318907@c.us","id":"true_573132318907@c.us_3EB0E66A7C8AAA24FF31","queueNumber":540}
{"sent":true,"message":"Sent to 573132318907@c.us","id":"true_573132318907@c.us_3EB028BF6FC24E3A08BF","queueNumber":541}
{"sent":true,"message":"Sent to 573132318907@c.us","id":"true_573132318907@c.us_3EB0E7433192618ECDBA","queueNumber":542}
{"sent":true,"message":"Sent to 573132318907@c.us","id":"true_573132318907@c.us_3EB0C9A918803D7B7BED","queueNumber":543}
{"sent":true,"message":"Sent to 573132318907@c.us","id":"true_573132318907@c.us_3EB0E1CAEADE9DBCB8CC","queueNumber":544}
{"sent":true,"message":"Sent to 573132318907@c.us","id":"true_573132318907@c.us_3EB01E6C0D2E18B07ADD","queueNumber":546}
{"sent":true,"message":"Sent to 573132318907@c.us","id":"true_573132318907@c.us_3EB09F0AF03C0B0E322F","queueNumber":547}
{"sent":true,"message":"Sent to 573132318907@c.us","id":"true_573132318907@c.us_3EB006989143AFC18A01","queueNumber":548}
{"sent":true,"message":"Sent to 573132318907@c.us","id":"true_573132318907@c.us_3EB062D57047BEAA301D","queueNumber":549}
{"sent":true,"message":"Sent to 573132318907@c.us","id":"true_573132318907@c.us_3EB07B2AB1BA13D3BFBB","queueNumber":550}
{"sent":true,"message":"Sent to 573132318907@c.us","id":"true_573132318907@c.us_3EB0A5DDC543A68D7DD2","queueNumber":551}
{"sent":true,"message":"Sent to 17868301589@c.us","id":"true_17868301589@c.us_3EB0ED3C82D90E7CB3D3","queueNumber":555}
{"sent":true,"message":"Sent to 573132318907@c.us","id":"true_573132318907@c.us_3EB09CBABB2FCBA32C8D","queueNumber":556}
{"sent":true,"message":"Sent to 573132318907@c.us","id":"true_573132318907@c.us_3EB0F5466905A53960E9","queueNumber":557}
{"sent":true,"message":"Sent to 573132318907@c.us","id":"true_573132318907@c.us_3EB0EC225B89BDEC1434","queueNumber":558}
