{"sent":true,"message":"Sent to 573132318907@c.us","id":"true_573132318907@c.us_3EB0CE31B5105481EE13","queueNumber":1672}
{"sent":true,"message":"Sent to 573132318907@c.us","id":"true_573132318907@c.us_3EB02E63E1E2C36D7662","queueNumber":1673}
{"sent":true,"message":"Sent to 573132318907@c.us","id":"true_573132318907@c.us_3EB087A6B43BE5145827","queueNumber":1674}
{"sent":true,"message":"Sent to 573132318907@c.us","id":"true_573132318907@c.us_3EB0D36D395C30BF3608","queueNumber":1675}
{"sent":true,"message":"Sent to 573132318907@c.us","id":"true_573132318907@c.us_3EB03AE290F6EC6E1CCF","queueNumber":1676}
{"sent":true,"message":"Sent to 573132318907@c.us","id":"true_573132318907@c.us_3EB0FDDA0FA606FE38AE","queueNumber":1677}
{"sent":true,"message":"Sent to 573132318907@c.us","id":"true_573132318907@c.us_3EB01166732126AB1D0A","queueNumber":1678}
{"sent":true,"message":"Sent to 573132318907@c.us","id":"true_573132318907@c.us_3EB05084543F85EF0ED4","queueNumber":1679}
{"sent":true,"message":"Sent to 573132318907@c.us","id":"true_573132318907@c.us_3EB0D82084442F39924A","queueNumber":1680}
{"sent":true,"message":"Sent to 573132318907@c.us","id":"true_573132318907@c.us_3EB02DDD45BDD712827B","queueNumber":1681}
{"sent":true,"message":"Sent to 573132318907@c.us","id":"true_573132318907@c.us_3EB0EC6740B7FCC6A83B","queueNumber":1682}
{"sent":true,"message":"Sent to 573132318907@c.us","id":"true_573132318907@c.us_3EB0EB4F40D034442704","queueNumber":1683}
{"sent":true,"message":"Sent to 573132318907@c.us","id":"true_573132318907@c.us_3EB016E8F1FBE5A4D42A","queueNumber":1684}
{"sent":true,"message":"Sent to 573132318907@c.us","id":"true_573132318907@c.us_3EB0DF1966D064B4D2A5","queueNumber":1685}
{"sent":true,"message":"Sent to 573132318907@c.us","id":"true_573132318907@c.us_3EB05390EE2C539AAB3F","queueNumber":1686}
{"sent":true,"message":"Sent to 573132318907@c.us","id":"true_573132318907@c.us_3EB074F15BFE909E9D61","queueNumber":1687}
{"sent":true,"message":"Sent to 573132318907@c.us","id":"true_573132318907@c.us_3EB0AE06AC5156D588EA","queueNumber":1688}
{"sent":true,"message":"Sent to 573132318907@c.us","id":"true_573132318907@c.us_3EB0C17A03E593CEE51F","queueNumber":1689}
{"sent":true,"message":"Sent to 573132318907@c.us","id":"true_573132318907@c.us_3EB0FCB4B51B5F22E455","queueNumber":1690}
{"sent":true,"message":"Sent to 573132318907@c.us","id":"true_573132318907@c.us_3EB0BBDF349A4503BEBD","queueNumber":1691}
{"sent":true,"message":"Sent to 573132318907@c.us","id":"true_573132318907@c.us_3EB099E967A8732122CF","queueNumber":1692}
{"sent":true,"message":"Sent to 573132318907@c.us","id":"true_573132318907@c.us_3EB046BF2991B389D6AD","queueNumber":1693}
{"sent":true,"message":"Sent to 573132318907@c.us","id":"true_573132318907@c.us_3EB0B4AA13B4F4A57E20","queueNumber":1694}
{"sent":true,"message":"Sent to 573132318907@c.us","id":"true_573132318907@c.us_3EB0EEE1410B3C35424E","queueNumber":1695}
{"sent":true,"message":"Sent to 573132318907@c.us","id":"true_573132318907@c.us_3EB02AED9E7087DC7499","queueNumber":1696}
{"sent":true,"message":"Sent to 573132318907@c.us","id":"true_573132318907@c.us_3EB038CF17EDDFEC43D1","queueNumber":1697}
{"sent":true,"message":"Sent to 573132318907@c.us","id":"true_573132318907@c.us_3EB00CA8103F571ABBCA","queueNumber":1698}
{"sent":true,"message":"Sent to 573132318907@c.us","id":"true_573132318907@c.us_3EB05B7BD7B0297E5A90","queueNumber":1699}
{"sent":true,"message":"Sent to 573132318907@c.us","id":"true_573132318907@c.us_3EB012B7C19AE3BDA6CA","queueNumber":1700}
{"sent":true,"message":"Sent to 573132318907@c.us","id":"true_573132318907@c.us_3EB01A2F80763FDCC147","queueNumber":1701}
{"sent":true,"message":"Sent to 573132318907@c.us","id":"true_573132318907@c.us_3EB0C8A55B0ED8D89F64","queueNumber":1702}
{"sent":true,"message":"Sent to 573132318907@c.us","id":"true_573132318907@c.us_3EB083898EDA6DDF0FD6","queueNumber":1703}
{"sent":true,"message":"Sent to 573132318907@c.us","id":"true_573132318907@c.us_3EB07ADACD0400CF25A0","queueNumber":1704}
{"sent":true,"message":"Sent to 573132318907@c.us","id":"true_573132318907@c.us_3EB037BEAC8EE89F79A0","queueNumber":1705}
{"sent":true,"message":"Sent to 573132318907@c.us","id":"true_573132318907@c.us_3EB09AA8B75F5AC5CC32","queueNumber":1706}
{"sent":true,"message":"Sent to 573132318907@c.us","id":"true_573132318907@c.us_3EB0169147CA27D36D53","queueNumber":1707}
{"sent":true,"message":"Sent to 573132318907@c.us","id":"true_573132318907@c.us_3EB0C486B54CC3AF435D","queueNumber":1708}
{"sent":true,"message":"Sent to 573132318907@c.us","id":"true_573132318907@c.us_3EB076C354BEE9756DBB","queueNumber":1709}
{"sent":true,"message":"Sent to 573132318907@c.us","id":"true_573132318907@c.us_3EB03E01506CD51B2652","queueNumber":1710}
{"sent":true,"message":"Sent to 573132318907@c.us","id":"true_573132318907@c.us_3EB09492500431F5F1D7","queueNumber":1711}
{"sent":true,"message":"Sent to 573132318907@c.us","id":"true_573132318907@c.us_3EB0C05C88091A3977DF","queueNumber":1712}
{"sent":true,"message":"Sent to 573132318907@c.us","id":"true_573132318907@c.us_3EB04A71FBE0B6C07093","queueNumber":1713}
{"sent":true,"message":"Sent to 573132318907@c.us","id":"true_573132318907@c.us_3EB05E14B504E10B52CC","queueNumber":1714}
{"sent":true,"message":"Sent to 573132318907@c.us","id":"true_573132318907@c.us_3EB030FC7694E4981DD5","queueNumber":1715}
{"sent":true,"message":"Sent to 573132318907@c.us","id":"true_573132318907@c.us_3EB030F5FDE26C27F516","queueNumber":1716}
{"sent":true,"message":"Sent to 573132318907@c.us","id":"true_573132318907@c.us_3EB03781ECE12BAA6924","queueNumber":1717}
{"sent":true,"message":"Sent to 573132318907@c.us","id":"true_573132318907@c.us_3EB0E1B1FE2D3A4E13B8","queueNumber":1718}
{"sent":true,"message":"Sent to 573132318907@c.us","id":"true_573132318907@c.us_3EB0DBE900B73AB6D01E","queueNumber":1719}
{"sent":true,"message":"Sent to 573132318907@c.us","id":"true_573132318907@c.us_3EB0200B08287FB3ED5C","queueNumber":1720}
{"sent":true,"message":"Sent to 573132318907@c.us","id":"true_573132318907@c.us_3EB048533C13595A4914","queueNumber":1721}
{"sent":true,"message":"Sent to 573132318907@c.us","id":"true_573132318907@c.us_3EB069265C8CF2D3E9A0","queueNumber":1722}
{"sent":true,"message":"Sent to 573132318907@c.us","id":"true_573132318907@c.us_3EB0CD8A6D996C0A3A06","queueNumber":1723}
{"sent":true,"message":"Sent to 34654448905@c.us","id":"true_34654448905@c.us_3EB000CA8DFD3C828804","queueNumber":1724}
{"sent":true,"message":"Sent to 34654448905@c.us","id":"true_34654448905@c.us_3EB0B6BEB8E56595D101","queueNumber":1725}
{"sent":true,"message":"Sent to 573132318907@c.us","id":"true_573132318907@c.us_3EB086555B19DA4C611A","queueNumber":1726}


{"error":"Unsupported file type"}
{"sent":true,"message":"Sent to 19546683864@c.us","id":"true_19546683864@c.us_3EB0C79C765F901B098A","queueNumber":1}
{"sent":true,"message":"Sent to 19546683864@c.us","id":"true_19546683864@c.us_3EB06D543CF61C1B9A56","queueNumber":2}
{"sent":false,"error":"TypeError: body.substring is not a function"}
{"sent":false,"error":"TypeError: body.substring is not a function"}
{"sent":true,"message":"Sent to 19546683864@c.us","id":"true_19546683864@c.us_3EB0B2FBD72AD766CE11","queueNumber":3}
{"sent":true,"message":"Sent to 19546683864@c.us","id":"true_19546683864@c.us_3EB0DB24A28A8F918726","queueNumber":4}
{"error":"Unsupported file type"}
{"sent":true,"message":"Sent to 19546683864@c.us","id":"true_19546683864@c.us_3EB04C5EF52808C269EC","queueNumber":5}
{"sent":true,"message":"Sent to 19546683864@c.us","id":"true_19546683864@c.us_3EB0441AEB1058C03A03","queueNumber":6}
{"sent":true,"message":"Sent to 19546683864@c.us","id":"true_19546683864@c.us_3EB090D46E57BBA9421C","queueNumber":7}
{"sent":true,"message":"Sent to 19546683864@c.us","id":"true_19546683864@c.us_3EB0D16F99E9DB0D9489","queueNumber":8}
{"sent":true,"message":"Sent to 19546683864@c.us","id":"true_19546683864@c.us_3EB0EDA1EF608D2B3787","queueNumber":9}
{"sent":true,"message":"Sent to 19546683864@c.us","id":"true_19546683864@c.us_3EB0F15FB511DE83C513","queueNumber":10}
{"sent":true,"message":"Sent to 19546683864@c.us","id":"true_19546683864@c.us_3EB0D0FD5D4A07155386","queueNumber":11}
{"sent":true,"message":"Sent to 19546683864@c.us","id":"true_19546683864@c.us_3EB029F6FB6512FFF9BC","queueNumber":12}
{"sent":true,"message":"Sent to 19546683864@c.us","id":"true_19546683864@c.us_3EB0E1E4B301BFBC0607","queueNumber":13}
{"sent":true,"message":"Sent to 19546683864@c.us","id":"true_19546683864@c.us_3EB0EEC4586F2E88D3BE","queueNumber":14}
{"sent":true,"message":"Sent to 19546683864@c.us","id":"true_19546683864@c.us_3EB0C12D0495E0C99CBF","queueNumber":15}
{"sent":true,"message":"Sent to 19546683864@c.us","id":"true_19546683864@c.us_3EB06588FE110717F138","queueNumber":16}
{"sent":true,"message":"Sent to 19546683864@c.us","id":"true_19546683864@c.us_3EB00566CA4E16D4ED55","queueNumber":17}
{"sent":false,"message":"Message was not sent: empty body. Please provide message text in body parameter in JSON POST."}
{"sent":false,"message":"Message was not sent: empty body. Please provide message text in body parameter in JSON POST."}
{"sent":false,"message":"Message was not sent: empty body. Please provide message text in body parameter in JSON POST."}
{"sent":false,"message":"Message was not sent: empty body. Please provide message text in body parameter in JSON POST."}
{"sent":true,"message":"Sent to 19546683864@c.us","id":"true_19546683864@c.us_3EB095796ABC54A206EF","queueNumber":18}
{"sent":true,"message":"Sent to 19546683864@c.us","id":"true_19546683864@c.us_3EB0F06581512C493E73","queueNumber":19}
{"sent":true,"message":"Sent to 19546683864@c.us","id":"true_19546683864@c.us_3EB09109BD0FE9CE4908","queueNumber":20}
{"sent":false,"message":"Message was not sent: empty body. Please provide message text in body parameter in JSON POST."}
{"sent":true,"message":"Sent to 19546683864@c.us","id":"true_19546683864@c.us_3EB0A06AC6737376DA1F","queueNumber":21}
{"sent":true,"message":"Sent to 19546683864@c.us","id":"true_19546683864@c.us_3EB0A40AAE37D75A8D60","queueNumber":22}
{"sent":true,"message":"Sent to 19546683864@c.us","id":"true_19546683864@c.us_3EB0A683B7E067260819","queueNumber":23}
{"sent":false,"message":"Message was not sent: empty body. Please provide message text in body parameter in JSON POST."}
{"sent":true,"message":"Sent to 19546683864@c.us","id":"true_19546683864@c.us_3EB05EDEBA7BC4B653E2","queueNumber":24}
{"sent":true,"message":"Sent to 19546683864@c.us","id":"true_19546683864@c.us_3EB0F0562F026D9BDF1B","queueNumber":25}
{"sent":true,"message":"Sent to 19546683864@c.us","id":"true_19546683864@c.us_3EB0616451495CA6B9E2","queueNumber":26}
{"sent":false,"message":"Message was not sent: empty body. Please provide message text in body parameter in JSON POST."}
{"sent":true,"message":"Sent to 19546683864@c.us","id":"true_19546683864@c.us_3EB039CF5E35C3FDF9FA","queueNumber":27}
{"sent":false,"message":"Message was not sent: empty body. Please provide message text in body parameter in JSON POST."}
{"sent":true,"message":"Sent to 19546683864@c.us","id":"true_19546683864@c.us_3EB067D0AA029EE1D5F6","queueNumber":28}
{"error":"Unsupported file type"}
{"sent":true,"message":"Sent to 19546683864@c.us","id":"true_19546683864@c.us_3EB06276E65201B81578","queueNumber":29}
{"error":"Unsupported file type"}
{"sent":true,"message":"Sent to 19546683864@c.us","id":"true_19546683864@c.us_3EB0BB7D6AE13DD4F6D2","queueNumber":30}
{"sent":true,"message":"Sent to 19546683864@c.us","id":"true_19546683864@c.us_3EB0FF1153CBE336A973","queueNumber":31}
{"sent":true,"message":"Sent to 19546683864@c.us","id":"true_19546683864@c.us_3EB03D3168F41DCB8157","queueNumber":32}
{"sent":true,"message":"Sent to 19546683864@c.us","id":"true_19546683864@c.us_3EB02FA55FC0BB806C77","queueNumber":33}
{"sent":true,"message":"Sent to 19546683864@c.us","id":"true_19546683864@c.us_3EB0E5F8852072A07C5D","queueNumber":34}
{"error":"Unsupported file type"}
{"error":"Unsupported file type"}
{"sent":false,"message":"phone parameter should contain only numbers, start from country code and be 9-14 characters long"}
{"error":"Unsupported file type"}
{"sent":false,"message":"phone parameter should contain only numbers, start from country code and be 9-14 characters long"}
{"error":"Unsupported file type"}
{"sent":true,"message":"Sent to 19546683864@c.us","id":"true_19546683864@c.us_3EB0CC614EE0F9B8B753","queueNumber":35}
{"sent":true,"message":"Sent to 19546683864@c.us","id":"true_19546683864@c.us_3EB07BB30CA227AF7D2D","queueNumber":36}
{"sent":false,"message":"Message was not sent: empty body. Please provide message text in body parameter in JSON POST."}
{"sent":true,"message":"Sent to 19546683864@c.us","id":"true_19546683864@c.us_3EB0BA17C0AAF3C3BDD8","queueNumber":37}
{"sent":false,"message":"Message was not sent: empty body. Please provide message text in body parameter in JSON POST."}
{"sent":true,"message":"Sent to 19546683864@c.us","id":"true_19546683864@c.us_3EB012B530F084C12745","queueNumber":38}
{"sent":true,"message":"Sent to 19546683864@c.us","id":"true_19546683864@c.us_3EB0C639E2619D6C4742","queueNumber":39}
{"sent":false,"message":"phone parameter should contain only numbers, start from country code and be 9-14 characters long"}
{"error":"Unsupported file type"}
{"sent":false,"message":"phone parameter should contain only numbers, start from country code and be 9-14 characters long"}
{"sent":false,"message":"phone parameter should contain only numbers, start from country code and be 9-14 characters long"}
{"sent":false,"message":"phone parameter should contain only numbers, start from country code and be 9-14 characters long"}
{"error":"Unsupported file type"}
{"sent":false,"message":"phone parameter should contain only numbers, start from country code and be 9-14 characters long"}
{"sent":false,"message":"phone parameter should contain only numbers, start from country code and be 9-14 characters long"}
{"sent":false,"message":"phone parameter should contain only numbers, start from country code and be 9-14 characters long"}
{"error":"Unsupported file type"}
{"sent":true,"message":"Sent to 19546683864@c.us","id":"true_19546683864@c.us_3EB09DA394050699D090","queueNumber":40}
{"sent":true,"message":"Sent to 19546683864@c.us","id":"true_19546683864@c.us_3EB0B87EB682888D1CA3","queueNumber":41}
{"sent":true,"message":"Sent to 19546683864@c.us","id":"true_19546683864@c.us_3EB028400B20921C0610","queueNumber":42}
{"sent":true,"message":"Sent to 19546683864@c.us","id":"true_19546683864@c.us_3EB0641457E3E14D6DBA","queueNumber":43}
{"error":"Unsupported file type"}
{"sent":true,"message":"Sent to 19546683864@c.us","id":"true_19546683864@c.us_3EB051A6E12232022B73","queueNumber":44}
{"sent":true,"message":"Sent to 19546683864@c.us","id":"true_19546683864@c.us_3EB08C5BCC18AD0DFDCF","queueNumber":45}
{"sent":true,"message":"Sent to 19546683864@c.us","id":"true_19546683864@c.us_3EB03CCFC7ED480E96A2","queueNumber":46}
{"sent":true,"message":"Sent to 19546683864@c.us","id":"true_19546683864@c.us_3EB05FE925E2999AC3CD","queueNumber":47}
{"error":"Unsupported file type"}
{"sent":true,"message":"Sent to 19546683864@c.us","id":"true_19546683864@c.us_3EB0A501F311CB4C8045","queueNumber":48}
{"sent":true,"message":"Sent to 19546683864@c.us","id":"true_19546683864@c.us_3EB0EDB2950697359469","queueNumber":49}
{"sent":true,"message":"Sent to 19546683864@c.us","id":"true_19546683864@c.us_3EB0303E12A3FE75FFD6","queueNumber":50}
{"sent":true,"message":"Sent to 19546683864@c.us","id":"true_19546683864@c.us_3EB0DB61BA52C61C6138","queueNumber":51}
{"sent":true,"message":"Sent to 19546683864@c.us","id":"true_19546683864@c.us_3EB06BCD0CB0BEB0E49E","queueNumber":52}
{"error":"Unsupported file type"}
{"sent":true,"message":"Sent to 19546683864@c.us","id":"true_19546683864@c.us_3EB0C2F2525799D42E2D","queueNumber":53}
{"sent":true,"message":"Sent to 19546683864@c.us","id":"true_19546683864@c.us_3EB0451C823ABFA569BB","queueNumber":54}
{"sent":true,"message":"Sent to 19546683864@c.us","id":"true_19546683864@c.us_3EB02AA6541D783B078F","queueNumber":55}
{"sent":true,"message":"Sent to 19546683864@c.us","id":"true_19546683864@c.us_3EB08D26E38FB0EA9974","queueNumber":56}
{"sent":true,"message":"Sent to 19546683864@c.us","id":"true_19546683864@c.us_3EB0D6508C8715616733","queueNumber":57}
{"sent":true,"message":"Sent to 19546683864@c.us","id":"true_19546683864@c.us_3EB07DE3191E2856A1A4","queueNumber":58}
{"sent":false,"message":"Message was not sent: empty body. Please provide message text in body parameter in JSON POST."}
{"sent":true,"message":"Sent to 19546683864@c.us","id":"true_19546683864@c.us_3EB0A22E6694B130EDEB","queueNumber":59}
{"sent":false,"message":"Message was not sent: empty body. Please provide message text in body parameter in JSON POST."}
{"sent":true,"message":"Sent to 19546683864@c.us","id":"true_19546683864@c.us_3EB0E6D8FB596EADA0CD","queueNumber":60}
{"sent":true,"message":"Sent to 19546683864@c.us","id":"true_19546683864@c.us_3EB0D0A0AF8E4FF29027","queueNumber":61}
{"sent":true,"message":"Sent to 19546683864@c.us","id":"true_19546683864@c.us_3EB0CC5C8C5E098BB2C0","queueNumber":62}
{"sent":true,"message":"Sent to 19546683864@c.us","id":"true_19546683864@c.us_3EB005AFE977ACB8F2C4","queueNumber":63}
{"sent":true,"message":"Sent to 19546683864@c.us","id":"true_19546683864@c.us_3EB09FEFEE76B72870D3","queueNumber":64}
{"sent":true,"message":"Sent to 19546683864@c.us","id":"true_19546683864@c.us_3EB0BB7BA3DC92C2362A","queueNumber":65}
{"sent":true,"message":"Sent to 19546683864@c.us","id":"true_19546683864@c.us_3EB0226F54FA90EE01A4","queueNumber":66}
{"sent":false,"message":"Message was not sent: empty body. Please provide message text in body parameter in JSON POST."}
{"sent":true,"message":"Sent to 19546683864@c.us","id":"true_19546683864@c.us_3EB04E3ED92B6937F4B7","queueNumber":67}
{"sent":false,"message":"Message was not sent: empty body. Please provide message text in body parameter in JSON POST."}
{"sent":true,"message":"Sent to 19546683864@c.us","id":"true_19546683864@c.us_3EB0024293B0C12EA4FA","queueNumber":68}
{"sent":true,"message":"Sent to 19546683864@c.us","id":"true_19546683864@c.us_3EB02B9FCE2FD10D8359","queueNumber":69}
{"sent":true,"message":"Sent to 19546683864@c.us","id":"true_19546683864@c.us_3EB0D4EE7EB5A5A7527D","queueNumber":70}
{"sent":true,"message":"Sent to 19546683864@c.us","id":"true_19546683864@c.us_3EB06AF360CC94C45B25","queueNumber":71}
{"sent":true,"message":"Sent to 19546683864@c.us","id":"true_19546683864@c.us_3EB0290572904C45E4CD","queueNumber":72}
{"sent":true,"message":"Sent to 19546683864@c.us","id":"true_19546683864@c.us_3EB0BBEF9ABE97D6927F","queueNumber":73}
{"sent":true,"message":"Sent to 19546683864@c.us","id":"true_19546683864@c.us_3EB05184BF0F8AC570CF","queueNumber":74}
{"sent":false,"message":"Message was not sent: empty body. Please provide message text in body parameter in JSON POST."}
{"sent":true,"message":"Sent to 19546683864@c.us","id":"true_19546683864@c.us_3EB047191F8480D98B11","queueNumber":75}
{"sent":false,"message":"Message was not sent: empty body. Please provide message text in body parameter in JSON POST."}
{"sent":true,"message":"Sent to 19546683864@c.us","id":"true_19546683864@c.us_3EB08A00380BAE9FDCF9","queueNumber":76}
{"sent":true,"message":"Sent to 19546683864@c.us","id":"true_19546683864@c.us_3EB01AD04777441B0483","queueNumber":77}
{"sent":true,"message":"Sent to 19546683864@c.us","id":"true_19546683864@c.us_3EB001D855D0721941EC","queueNumber":78}
{"sent":true,"message":"Sent to 19546683864@c.us","id":"true_19546683864@c.us_3EB002348451CC99EACC","queueNumber":79}
{"sent":true,"message":"Sent to 19546683864@c.us","id":"true_19546683864@c.us_3EB03EF02218318720A1","queueNumber":80}

{"sent":true,"message":"Sent to 19546683864@c.us","id":"true_19546683864@c.us_3EB0163DAA46F15C14E4","queueNumber":1}
{"sent":false,"message":"Message was not sent: empty body. Please provide message text in body parameter in JSON POST."}
{"error":"Unsupported file type"}
{"sent":true,"message":"Sent to 19546683864@c.us","id":"true_19546683864@c.us_3EB09DB1A93FDFD48062","queueNumber":2}
{"sent":true,"message":"Sent to 19546683864@c.us","id":"true_19546683864@c.us_3EB0A78C309E8A8CE03E","queueNumber":3}
{"sent":true,"message":"Sent to 19546683864@c.us","id":"true_19546683864@c.us_3EB0672CAF58A6764425","queueNumber":4}
{"sent":true,"message":"Sent to 19546683864@c.us","id":"true_19546683864@c.us_3EB0DCB291BBF70BA377","queueNumber":5}
{"sent":true,"message":"Sent to 19546683864@c.us","id":"true_19546683864@c.us_3EB05378798FD55EF0C7","queueNumber":6}
{"sent":true,"message":"Sent to 19546683864@c.us","id":"true_19546683864@c.us_3EB0D9C509FBCD609624","queueNumber":7}
{"sent":true,"message":"Sent to 19546683864@c.us","id":"true_19546683864@c.us_3EB0B195EBA077992671","queueNumber":8}
{"sent":true,"message":"Sent to 19546683864@c.us","id":"true_19546683864@c.us_3EB0464FA71609174352","queueNumber":9}
{"sent":true,"message":"Sent to 19546683864@c.us","id":"true_19546683864@c.us_3EB02525B34825E5BE7F","queueNumber":10}
{"sent":true,"message":"Sent to 19546683864@c.us","id":"true_19546683864@c.us_3EB0C31B7B2342248A94","queueNumber":11}
{"sent":true,"message":"Sent to 19546683864@c.us","id":"true_19546683864@c.us_3EB03742BB2FE613BDFE","queueNumber":12}
{"sent":true,"message":"Sent to 19546683864@c.us","id":"true_19546683864@c.us_3EB0F5A86B9F9F913432","queueNumber":13}
{"sent":true,"message":"Sent to 19546683864@c.us","id":"true_19546683864@c.us_3EB0CF074007A46450D6","queueNumber":14}
{"sent":true,"message":"Sent to 19546683864@c.us","id":"true_19546683864@c.us_3EB0421AA973FA0A53AD","queueNumber":15}
{"sent":true,"message":"Sent to 19546683864@c.us","id":"true_19546683864@c.us_3EB04124F741029F5FAA","queueNumber":16}
{"sent":true,"message":"Sent to 19546683864@c.us","id":"true_19546683864@c.us_3EB0FA7ECC8259746B59","queueNumber":17}
{"sent":true,"message":"Sent to 19546683864@c.us","id":"true_19546683864@c.us_3EB028108B860193216F","queueNumber":18}
{"sent":true,"message":"Sent to 19546683864@c.us","id":"true_19546683864@c.us_3EB0680314D84269B35E","queueNumber":19}
{"sent":true,"message":"Sent to 19546683864@c.us","id":"true_19546683864@c.us_3EB0E6B8A78CEC8B5559","queueNumber":20}
{"sent":true,"message":"Sent to 19546683864@c.us","id":"true_19546683864@c.us_3EB012FD270AD1B15FA5","queueNumber":21}
{"sent":true,"message":"Sent to 19546683864@c.us","id":"true_19546683864@c.us_3EB0E5C51681F3B66CEC","queueNumber":22}
{"sent":true,"message":"Sent to 19546683864@c.us","id":"true_19546683864@c.us_3EB0D96A0A71A653F9FF","queueNumber":23}
{"sent":true,"message":"Sent to 19546683864@c.us","id":"true_19546683864@c.us_3EB04E5A8E3EEA9B26BB","queueNumber":24}
{"error":"Unsupported file type"}
{"sent":true,"message":"Sent to 19546683864@c.us","id":"true_19546683864@c.us_3EB0D77D0F11A304BC88","queueNumber":25}
{"error":"Unsupported file type"}
