{"sent":true,"message":"Sent to 573132318907@c.us","id":"true_573132318907@c.us_3EB0CE31B5105481EE13","queueNumber":1672}
{"sent":true,"message":"Sent to 573132318907@c.us","id":"true_573132318907@c.us_3EB02E63E1E2C36D7662","queueNumber":1673}
{"sent":true,"message":"Sent to 573132318907@c.us","id":"true_573132318907@c.us_3EB087A6B43BE5145827","queueNumber":1674}
{"sent":true,"message":"Sent to 573132318907@c.us","id":"true_573132318907@c.us_3EB0D36D395C30BF3608","queueNumber":1675}
{"sent":true,"message":"Sent to 573132318907@c.us","id":"true_573132318907@c.us_3EB03AE290F6EC6E1CCF","queueNumber":1676}
{"sent":true,"message":"Sent to 573132318907@c.us","id":"true_573132318907@c.us_3EB0FDDA0FA606FE38AE","queueNumber":1677}
{"sent":true,"message":"Sent to 573132318907@c.us","id":"true_573132318907@c.us_3EB01166732126AB1D0A","queueNumber":1678}
{"sent":true,"message":"Sent to 573132318907@c.us","id":"true_573132318907@c.us_3EB05084543F85EF0ED4","queueNumber":1679}
{"sent":true,"message":"Sent to 573132318907@c.us","id":"true_573132318907@c.us_3EB0D82084442F39924A","queueNumber":1680}
{"sent":true,"message":"Sent to 573132318907@c.us","id":"true_573132318907@c.us_3EB02DDD45BDD712827B","queueNumber":1681}
{"sent":true,"message":"Sent to 573132318907@c.us","id":"true_573132318907@c.us_3EB0EC6740B7FCC6A83B","queueNumber":1682}
{"sent":true,"message":"Sent to 573132318907@c.us","id":"true_573132318907@c.us_3EB0EB4F40D034442704","queueNumber":1683}
{"sent":true,"message":"Sent to 573132318907@c.us","id":"true_573132318907@c.us_3EB016E8F1FBE5A4D42A","queueNumber":1684}
{"sent":true,"message":"Sent to 573132318907@c.us","id":"true_573132318907@c.us_3EB0DF1966D064B4D2A5","queueNumber":1685}
{"sent":true,"message":"Sent to 573132318907@c.us","id":"true_573132318907@c.us_3EB05390EE2C539AAB3F","queueNumber":1686}
{"sent":true,"message":"Sent to 573132318907@c.us","id":"true_573132318907@c.us_3EB074F15BFE909E9D61","queueNumber":1687}
{"sent":true,"message":"Sent to 573132318907@c.us","id":"true_573132318907@c.us_3EB0AE06AC5156D588EA","queueNumber":1688}
{"sent":true,"message":"Sent to 573132318907@c.us","id":"true_573132318907@c.us_3EB0C17A03E593CEE51F","queueNumber":1689}
{"sent":true,"message":"Sent to 573132318907@c.us","id":"true_573132318907@c.us_3EB0FCB4B51B5F22E455","queueNumber":1690}
{"sent":true,"message":"Sent to 573132318907@c.us","id":"true_573132318907@c.us_3EB0BBDF349A4503BEBD","queueNumber":1691}
{"sent":true,"message":"Sent to 573132318907@c.us","id":"true_573132318907@c.us_3EB099E967A8732122CF","queueNumber":1692}
{"sent":true,"message":"Sent to 573132318907@c.us","id":"true_573132318907@c.us_3EB046BF2991B389D6AD","queueNumber":1693}
{"sent":true,"message":"Sent to 573132318907@c.us","id":"true_573132318907@c.us_3EB0B4AA13B4F4A57E20","queueNumber":1694}
{"sent":true,"message":"Sent to 573132318907@c.us","id":"true_573132318907@c.us_3EB0EEE1410B3C35424E","queueNumber":1695}
{"sent":true,"message":"Sent to 573132318907@c.us","id":"true_573132318907@c.us_3EB02AED9E7087DC7499","queueNumber":1696}
{"sent":true,"message":"Sent to 573132318907@c.us","id":"true_573132318907@c.us_3EB038CF17EDDFEC43D1","queueNumber":1697}
{"sent":true,"message":"Sent to 573132318907@c.us","id":"true_573132318907@c.us_3EB00CA8103F571ABBCA","queueNumber":1698}
{"sent":true,"message":"Sent to 573132318907@c.us","id":"true_573132318907@c.us_3EB05B7BD7B0297E5A90","queueNumber":1699}
{"sent":true,"message":"Sent to 573132318907@c.us","id":"true_573132318907@c.us_3EB012B7C19AE3BDA6CA","queueNumber":1700}
{"sent":true,"message":"Sent to 573132318907@c.us","id":"true_573132318907@c.us_3EB01A2F80763FDCC147","queueNumber":1701}
{"sent":true,"message":"Sent to 573132318907@c.us","id":"true_573132318907@c.us_3EB0C8A55B0ED8D89F64","queueNumber":1702}
{"sent":true,"message":"Sent to 573132318907@c.us","id":"true_573132318907@c.us_3EB083898EDA6DDF0FD6","queueNumber":1703}
{"sent":true,"message":"Sent to 573132318907@c.us","id":"true_573132318907@c.us_3EB07ADACD0400CF25A0","queueNumber":1704}
{"sent":true,"message":"Sent to 573132318907@c.us","id":"true_573132318907@c.us_3EB037BEAC8EE89F79A0","queueNumber":1705}
{"sent":true,"message":"Sent to 573132318907@c.us","id":"true_573132318907@c.us_3EB09AA8B75F5AC5CC32","queueNumber":1706}
{"sent":true,"message":"Sent to 573132318907@c.us","id":"true_573132318907@c.us_3EB0169147CA27D36D53","queueNumber":1707}
{"sent":true,"message":"Sent to 573132318907@c.us","id":"true_573132318907@c.us_3EB0C486B54CC3AF435D","queueNumber":1708}
{"sent":true,"message":"Sent to 573132318907@c.us","id":"true_573132318907@c.us_3EB076C354BEE9756DBB","queueNumber":1709}
{"sent":true,"message":"Sent to 573132318907@c.us","id":"true_573132318907@c.us_3EB03E01506CD51B2652","queueNumber":1710}
{"sent":true,"message":"Sent to 573132318907@c.us","id":"true_573132318907@c.us_3EB09492500431F5F1D7","queueNumber":1711}
{"sent":true,"message":"Sent to 573132318907@c.us","id":"true_573132318907@c.us_3EB0C05C88091A3977DF","queueNumber":1712}
{"sent":true,"message":"Sent to 573132318907@c.us","id":"true_573132318907@c.us_3EB04A71FBE0B6C07093","queueNumber":1713}
{"sent":true,"message":"Sent to 573132318907@c.us","id":"true_573132318907@c.us_3EB05E14B504E10B52CC","queueNumber":1714}
{"sent":true,"message":"Sent to 573132318907@c.us","id":"true_573132318907@c.us_3EB030FC7694E4981DD5","queueNumber":1715}
{"sent":true,"message":"Sent to 573132318907@c.us","id":"true_573132318907@c.us_3EB030F5FDE26C27F516","queueNumber":1716}
{"sent":true,"message":"Sent to 573132318907@c.us","id":"true_573132318907@c.us_3EB03781ECE12BAA6924","queueNumber":1717}
{"sent":true,"message":"Sent to 573132318907@c.us","id":"true_573132318907@c.us_3EB0E1B1FE2D3A4E13B8","queueNumber":1718}
{"sent":true,"message":"Sent to 573132318907@c.us","id":"true_573132318907@c.us_3EB0DBE900B73AB6D01E","queueNumber":1719}
{"sent":true,"message":"Sent to 573132318907@c.us","id":"true_573132318907@c.us_3EB0200B08287FB3ED5C","queueNumber":1720}
{"sent":true,"message":"Sent to 573132318907@c.us","id":"true_573132318907@c.us_3EB048533C13595A4914","queueNumber":1721}
{"sent":true,"message":"Sent to 573132318907@c.us","id":"true_573132318907@c.us_3EB069265C8CF2D3E9A0","queueNumber":1722}
{"sent":true,"message":"Sent to 573132318907@c.us","id":"true_573132318907@c.us_3EB0CD8A6D996C0A3A06","queueNumber":1723}
{"sent":true,"message":"Sent to 34654448905@c.us","id":"true_34654448905@c.us_3EB000CA8DFD3C828804","queueNumber":1724}
{"sent":true,"message":"Sent to 34654448905@c.us","id":"true_34654448905@c.us_3EB0B6BEB8E56595D101","queueNumber":1725}
{"sent":true,"message":"Sent to 573132318907@c.us","id":"true_573132318907@c.us_3EB086555B19DA4C611A","queueNumber":1726}
{"sent":true,"message":"Sent to 573132318907@c.us","id":"true_573132318907@c.us_3EB0932E932A58B86D82","queueNumber":1727}
{"sent":true,"message":"Sent to 573132318907@c.us","id":"true_573132318907@c.us_3EB0F83757872487DF3C","queueNumber":1728}
{"sent":true,"message":"Sent to 573132318907@c.us","id":"true_573132318907@c.us_3EB04A8184B7C25D29F0","queueNumber":1729}
{"sent":true,"message":"Sent to 573132318907@c.us","id":"true_573132318907@c.us_3EB0891441EF9AAECF86","queueNumber":1730}
{"sent":true,"message":"Sent to 573132318907@c.us","id":"true_573132318907@c.us_3EB0A99DF00072C22E57","queueNumber":1731}
{"sent":true,"message":"Sent to 573132318907@c.us","id":"true_573132318907@c.us_3EB0C9F0BCDC1B334087","queueNumber":1732}
{"sent":true,"message":"Sent to 573132318907@c.us","id":"true_573132318907@c.us_3EB03E20A1A222C41943","queueNumber":1733}
{"sent":true,"message":"Sent to 573132318907@c.us","id":"true_573132318907@c.us_3EB09277D2532F8E09EA","queueNumber":1783}
{"sent":true,"message":"Sent to 573132318907@c.us","id":"true_573132318907@c.us_3EB03096D672C024AC6C","queueNumber":1784}
{"sent":true,"message":"Sent to 573132318907@c.us","id":"true_573132318907@c.us_3EB05249FFC12A825122","queueNumber":1785}
{"sent":true,"message":"Sent to 17862955900@c.us","id":"true_17862955900@c.us_3EB0C6611B6D11F5CA79","queueNumber":1828}
{"sent":true,"message":"Sent to 573132318907@c.us","id":"true_573132318907@c.us_3EB0597C6E6FCA475DF5","queueNumber":1838}
{"sent":true,"message":"Sent to 573132318907@c.us","id":"true_573132318907@c.us_3EB0B3B310E9890AE40A","queueNumber":1839}
{"sent":true,"message":"Sent to 573132318907@c.us","id":"true_573132318907@c.us_3EB0869316D32E6D6651","queueNumber":1840}
{"sent":true,"message":"Sent to 573132318907@c.us","id":"true_573132318907@c.us_3EB0A6D54A15A4313E01","queueNumber":1841}
{"sent":true,"message":"Sent to 573132318907@c.us","id":"true_573132318907@c.us_3EB079A78067DFDDA0A6","queueNumber":1842}
{"sent":true,"message":"Sent to 573132318907@c.us","id":"true_573132318907@c.us_3EB048FB85216050B9B5","queueNumber":1843}
{"sent":true,"message":"Sent to 573132318907@c.us","id":"true_573132318907@c.us_3EB0D70973259A76C556","queueNumber":1844}
{"sent":true,"message":"Sent to 573132318907@c.us","id":"true_573132318907@c.us_3EB026503B232CA1575A","queueNumber":1845}
{"sent":true,"message":"Sent to 573132318907@c.us","id":"true_573132318907@c.us_3EB0EC24D4B08862B186","queueNumber":1846}
{"sent":true,"message":"Sent to 573132318907@c.us","id":"true_573132318907@c.us_3EB0684FB7B706FE1010","queueNumber":1847}
{"sent":true,"message":"Sent to 573132318907@c.us","id":"true_573132318907@c.us_3EB0391B443EF418E497","queueNumber":1848}
{"sent":true,"message":"Sent to 573132318907@c.us","id":"true_573132318907@c.us_3EB03576C3A92EAF2445","queueNumber":1849}
{"sent":true,"message":"Sent to 573132318907@c.us","id":"true_573132318907@c.us_3EB06BC97E915609C265","queueNumber":1850}
{"sent":true,"message":"Sent to 573132318907@c.us","id":"true_573132318907@c.us_3EB0C76C8A7BEF471149","queueNumber":1864}
{"sent":true,"message":"Sent to 573132318907@c.us","id":"true_573132318907@c.us_3EB07EEC9185C1C47960","queueNumber":1865}
{"sent":true,"message":"Sent to 573132318907@c.us","id":"true_573132318907@c.us_3EB0AD3248FB568B53AD","queueNumber":1866}
{"sent":true,"message":"Sent to 573132318907@c.us","id":"true_573132318907@c.us_3EB079E9B9613C87BDD7","queueNumber":1867}
{"sent":true,"message":"Sent to 573132318907@c.us","id":"true_573132318907@c.us_3EB092DFB511909059DB","queueNumber":1868}
{"sent":true,"message":"Sent to 573132318907@c.us","id":"true_573132318907@c.us_3EB019E64ECF409B5C28","queueNumber":1869}
{"sent":true,"message":"Sent to 573132318907@c.us","id":"true_573132318907@c.us_3EB0DB3DDED1E65EEAFA","queueNumber":1870}
{"sent":true,"message":"Sent to 573132318907@c.us","id":"true_573132318907@c.us_3EB0F28CC2DE5271F9E6","queueNumber":1871}
{"sent":true,"message":"Sent to 573132318907@c.us","id":"true_573132318907@c.us_3EB0D873E451C0E07AE8","queueNumber":1872}
{"sent":true,"message":"Sent to 573132318907@c.us","id":"true_573132318907@c.us_3EB012E4801421C25D30","queueNumber":1873}
{"sent":true,"message":"Sent to 573132318907@c.us","id":"true_573132318907@c.us_3EB05636CDFF7ECCBE22","queueNumber":1874}
{"sent":true,"message":"Sent to 573132318907@c.us","id":"true_573132318907@c.us_3EB0ED41126C7F8C1E4B","queueNumber":1875}
{"sent":true,"message":"Sent to 573132318907@c.us","id":"true_573132318907@c.us_3EB0E1D9B78B5EE66803","queueNumber":1876}
{"sent":true,"message":"Sent to 573132318907@c.us","id":"true_573132318907@c.us_3EB0927A82CF294F1105","queueNumber":1877}
{"sent":true,"message":"Sent to 573132318907@c.us","id":"true_573132318907@c.us_3EB0A674E766A131D956","queueNumber":1878}
{"sent":true,"message":"Sent to 573132318907@c.us","id":"true_573132318907@c.us_3EB0954F16974AF25851","queueNumber":1879}
{"sent":true,"message":"Sent to 573132318907@c.us","id":"true_573132318907@c.us_3EB091269236A842BF53","queueNumber":1880}
{"sent":true,"message":"Sent to 573132318907@c.us","id":"true_573132318907@c.us_3EB00296EFE7C2396106","queueNumber":1881}
{"sent":true,"message":"Sent to 573132318907@c.us","id":"true_573132318907@c.us_3EB0EBB6A36E609826FB","queueNumber":1882}
{"sent":true,"message":"Sent to 573132318907@c.us","id":"true_573132318907@c.us_3EB0D03D28082FAEBDF9","queueNumber":1883}
{"sent":true,"message":"Sent to 573132318907@c.us","id":"true_573132318907@c.us_3EB00D105811FBA9AA42","queueNumber":1885}
{"sent":true,"message":"Sent to 573132318907@c.us","id":"true_573132318907@c.us_3EB06CC73D684D41FA4B","queueNumber":1886}
{"sent":true,"message":"Sent to 573132318907@c.us","id":"true_573132318907@c.us_3EB00AA458E906092920","queueNumber":1887}
{"sent":true,"message":"Sent to 573132318907@c.us","id":"true_573132318907@c.us_3EB0658DD639FEDD07EC","queueNumber":1888}
{"sent":true,"message":"Sent to 573132318907@c.us","id":"true_573132318907@c.us_3EB05598F0C7BF4204DB","queueNumber":1889}
{"sent":true,"message":"Sent to 573132318907@c.us","id":"true_573132318907@c.us_3EB0C14DC5F5C6196154","queueNumber":1890}
{"sent":true,"message":"Sent to 573132318907@c.us","id":"true_573132318907@c.us_3EB0E6E7C4B24E2A18BF","queueNumber":1891}
{"sent":true,"message":"Sent to 573132318907@c.us","id":"true_573132318907@c.us_3EB089BE2500AD431B64","queueNumber":1892}
{"sent":true,"message":"Sent to 573132318907@c.us","id":"true_573132318907@c.us_3EB0E81D9FD0C32F6D5A","queueNumber":1893}
{"sent":true,"message":"Sent to 573132318907@c.us","id":"true_573132318907@c.us_3EB068D40E3F139C5A4B","queueNumber":1894}
{"sent":true,"message":"Sent to 573132318907@c.us","id":"true_573132318907@c.us_3EB05306AADC6203CE36","queueNumber":1895}
{"sent":true,"message":"Sent to 573132318907@c.us","id":"true_573132318907@c.us_3EB0ADC0E1FC6ACD06C7","queueNumber":1896}
{"sent":true,"message":"Sent to 573132318907@c.us","id":"true_573132318907@c.us_3EB0C3F333E925AFEF04","queueNumber":1897}
{"sent":true,"message":"Sent to 573132318907@c.us","id":"true_573132318907@c.us_3EB0145338B84DFC2162","queueNumber":1898}
{"sent":true,"message":"Sent to 573132318907@c.us","id":"true_573132318907@c.us_3EB04621418587F9E1C4","queueNumber":1899}
{"sent":true,"message":"Sent to 573132318907@c.us","id":"true_573132318907@c.us_3EB0D479BF832E50A558","queueNumber":1900}
{"sent":true,"message":"Sent to 573132318907@c.us","id":"true_573132318907@c.us_3EB0D99EDFD94C5F085D","queueNumber":1901}
{"sent":true,"message":"Sent to 573132318907@c.us","id":"true_573132318907@c.us_3EB03EE33389A34107E8","queueNumber":1902}
{"sent":true,"message":"Sent to 573132318907@c.us","id":"true_573132318907@c.us_3EB0DB023AD220C800B2","queueNumber":1903}
{"sent":true,"message":"Sent to 573132318907@c.us","id":"true_573132318907@c.us_3EB0B6CBFC1EFB9F0C28","queueNumber":1904}
{"sent":true,"message":"Sent to 573132318907@c.us","id":"true_573132318907@c.us_3EB09BEEC427019E15A5","queueNumber":1905}
{"sent":true,"message":"Sent to 573132318907@c.us","id":"true_573132318907@c.us_3EB0ECB9AE78C3236659","queueNumber":1906}
{"sent":true,"message":"Sent to 573132318907@c.us","id":"true_573132318907@c.us_3EB0F81B8226498E7179","queueNumber":1907}
{"sent":true,"message":"Sent to 573132318907@c.us","id":"true_573132318907@c.us_3EB07FDEF888A3FB4EFD","queueNumber":1908}
{"sent":true,"message":"Sent to 573132318907@c.us","id":"true_573132318907@c.us_3EB08A9AF09F5C7C359B","queueNumber":1909}
{"sent":true,"message":"Sent to 573132318907@c.us","id":"true_573132318907@c.us_3EB017A64211B96B5E7F","queueNumber":1910}
{"sent":true,"message":"Sent to 573132318907@c.us","id":"true_573132318907@c.us_3EB0990F8DE497526D1E","queueNumber":1911}
{"sent":true,"message":"Sent to 573132318907@c.us","id":"true_573132318907@c.us_3EB0879C2EF3F3634BE5","queueNumber":1912}
{"sent":true,"message":"Sent to 573132318907@c.us","id":"true_573132318907@c.us_3EB02E9EE59C9B465956","queueNumber":1913}
{"sent":true,"message":"Sent to 573132318907@c.us","id":"true_573132318907@c.us_3EB0728EDCF6BA6DFBDC","queueNumber":1914}
{"sent":true,"message":"Sent to 573132318907@c.us","id":"true_573132318907@c.us_3EB03B52C78AFE93019A","queueNumber":1915}
{"sent":true,"message":"Sent to 573132318907@c.us","id":"true_573132318907@c.us_3EB0050ED03780B73851","queueNumber":1916}
{"sent":true,"message":"Sent to 573132318907@c.us","id":"true_573132318907@c.us_3EB0ACA0511302EDFBB1","queueNumber":1917}
{"sent":true,"message":"Sent to 573132318907@c.us","id":"true_573132318907@c.us_3EB0E3C7E6F34CF95570","queueNumber":1918}
{"sent":true,"message":"Sent to 573132318907@c.us","id":"true_573132318907@c.us_3EB0E5821506FC664890","queueNumber":1919}
{"sent":true,"message":"Sent to 573132318907@c.us","id":"true_573132318907@c.us_3EB03F0A3AC86D3D4089","queueNumber":1920}
{"sent":true,"message":"Sent to 573132318907@c.us","id":"true_573132318907@c.us_3EB0E57219D2A382C889","queueNumber":1921}
{"sent":true,"message":"Sent to 573132318907@c.us","id":"true_573132318907@c.us_3EB0B19A055D9D885180","queueNumber":1922}
{"sent":true,"message":"Sent to 573132318907@c.us","id":"true_573132318907@c.us_3EB0DC35D63AFCCB7569","queueNumber":1923}
{"sent":true,"message":"Sent to 573132318907@c.us","id":"true_573132318907@c.us_3EB0C43D5AA4872B832A","queueNumber":1924}
{"sent":true,"message":"Sent to 573132318907@c.us","id":"true_573132318907@c.us_3EB073CE1D4F255E5236","queueNumber":1925}
{"sent":true,"message":"Sent to 573132318907@c.us","id":"true_573132318907@c.us_3EB05F1BC520DD8E5928","queueNumber":1926}
{"sent":true,"message":"Sent to 573132318907@c.us","id":"true_573132318907@c.us_3EB0783F61887F2A8AB9","queueNumber":1927}
{"sent":true,"message":"Sent to 573132318907@c.us","id":"true_573132318907@c.us_3EB019ADF6275678691B","queueNumber":1928}
{"sent":true,"message":"Sent to 573132318907@c.us","id":"true_573132318907@c.us_3EB093205ADD82C6C541","queueNumber":1929}
{"sent":true,"message":"Sent to 573132318907@c.us","id":"true_573132318907@c.us_3EB06BB7B5D30C503E10","queueNumber":1930}
{"sent":true,"message":"Sent to 573132318907@c.us","id":"true_573132318907@c.us_3EB0DEFCE204B9EE8C37","queueNumber":1931}
{"sent":true,"message":"Sent to 573132318907@c.us","id":"true_573132318907@c.us_3EB0CEDB9C161056FE78","queueNumber":1932}
{"sent":true,"message":"Sent to 573132318907@c.us","id":"true_573132318907@c.us_3EB029C871BB035E3375","queueNumber":1933}
{"sent":true,"message":"Sent to 573132318907@c.us","id":"true_573132318907@c.us_3EB01075CC3389EA3860","queueNumber":1934}
{"sent":true,"message":"Sent to 573132318907@c.us","id":"true_573132318907@c.us_3EB02981F44460749252","queueNumber":1935}
{"sent":true,"message":"Sent to 573132318907@c.us","id":"true_573132318907@c.us_3EB04D150F615F4DDE32","queueNumber":1936}
{"sent":true,"message":"Sent to 573132318907@c.us","id":"true_573132318907@c.us_3EB0E1112DE517694153","queueNumber":1937}
{"sent":true,"message":"Sent to 573132318907@c.us","id":"true_573132318907@c.us_3EB0AB80858E007DC560","queueNumber":1938}
{"sent":true,"message":"Sent to 573132318907@c.us","id":"true_573132318907@c.us_3EB07BA4D418F2B8FAB3","queueNumber":1939}
{"sent":true,"message":"Sent to 573132318907@c.us","id":"true_573132318907@c.us_3EB054FC1D1CAE7748BD","queueNumber":1940}
{"sent":true,"message":"Sent to 573132318907@c.us","id":"true_573132318907@c.us_3EB075934CF12185E1FC","queueNumber":1941}
{"sent":true,"message":"Sent to 573132318907@c.us","id":"true_573132318907@c.us_3EB0ED23DB9818293808","queueNumber":1942}
{"sent":true,"message":"Sent to 573132318907@c.us","id":"true_573132318907@c.us_3EB0038DF27F48F5E5B1","queueNumber":1943}
{"sent":true,"message":"Sent to 573132318907@c.us","id":"true_573132318907@c.us_3EB0A23CE5A2A08F1420","queueNumber":1944}
{"sent":true,"message":"Sent to 573132318907@c.us","id":"true_573132318907@c.us_3EB0203E944C26086557","queueNumber":1945}
{"sent":true,"message":"Sent to 573132318907@c.us","id":"true_573132318907@c.us_3EB037B8B8BE8D654CF9","queueNumber":1946}
{"sent":true,"message":"Sent to 573132318907@c.us","id":"true_573132318907@c.us_3EB08EB34ED938F1F29F","queueNumber":1947}
{"sent":true,"message":"Sent to 573132318907@c.us","id":"true_573132318907@c.us_3EB0B9BEEFBF1444A72E","queueNumber":1948}
{"sent":true,"message":"Sent to 573132318907@c.us","id":"true_573132318907@c.us_3EB0D493F762F14F0D55","queueNumber":1949}
{"sent":true,"message":"Sent to 573132318907@c.us","id":"true_573132318907@c.us_3EB065883FFD44A72914","queueNumber":1950}
{"sent":true,"message":"Sent to 573132318907@c.us","id":"true_573132318907@c.us_3EB061E7C3BD656CA35F","queueNumber":1951}
{"sent":true,"message":"Sent to 573132318907@c.us","id":"true_573132318907@c.us_3EB0DD9B44CA718D4F11","queueNumber":1952}
{"sent":true,"message":"Sent to 573132318907@c.us","id":"true_573132318907@c.us_3EB0510F16E0F3C42BB2","queueNumber":1954}
{"sent":true,"message":"Sent to 573132318907@c.us","id":"true_573132318907@c.us_3EB04A836D3CE103BD94","queueNumber":1955}
{"sent":true,"message":"Sent to 573132318907@c.us","id":"true_573132318907@c.us_3EB0170FDF708F8CCD48","queueNumber":1956}
{"sent":true,"message":"Sent to 573132318907@c.us","id":"true_573132318907@c.us_3EB05F612EC4EAF03303","queueNumber":1957}
{"sent":true,"message":"Sent to 573132318907@c.us","id":"true_573132318907@c.us_3EB07D41DFEFD4476505","queueNumber":1958}
{"sent":true,"message":"Sent to 573132318907@c.us","id":"true_573132318907@c.us_3EB07EDF6FC55560B59C","queueNumber":1959}
{"sent":true,"message":"Sent to 573132318907@c.us","id":"true_573132318907@c.us_3EB037E0BAE144278C29","queueNumber":1960}
{"sent":true,"message":"Sent to 573132318907@c.us","id":"true_573132318907@c.us_3EB0E46B113BB492E38A","queueNumber":1961}
{"sent":true,"message":"Sent to 573132318907@c.us","id":"true_573132318907@c.us_3EB0A4B94FCD2F2C84BB","queueNumber":1962}
{"sent":true,"message":"Sent to 573132318907@c.us","id":"true_573132318907@c.us_3EB053AD143C43155E45","queueNumber":1963}
{"sent":true,"message":"Sent to 573132318907@c.us","id":"true_573132318907@c.us_3EB0A902A9342035D9A8","queueNumber":1964}
{"sent":true,"message":"Sent to 573132318907@c.us","id":"true_573132318907@c.us_3EB0125E102AD6F512B7","queueNumber":1965}
{"sent":true,"message":"Sent to 573132318907@c.us","id":"true_573132318907@c.us_3EB0BE6A003739C59C0E","queueNumber":1966}
{"sent":true,"message":"Sent to 573132318907@c.us","id":"true_573132318907@c.us_3EB01E8A1161ABE13D61","queueNumber":1967}
{"sent":true,"message":"Sent to 573132318907@c.us","id":"true_573132318907@c.us_3EB0E522FD22C6C61B28","queueNumber":1968}
{"sent":false,"error":"TypeError: body.substring is not a function"}
{"sent":true,"message":"Sent to 573132318907@c.us","id":"true_573132318907@c.us_3EB0BE08028863CE2AFB","queueNumber":1969}
{"sent":true,"message":"Sent to 573132318907@c.us","id":"true_573132318907@c.us_3EB0E9881AAEA0E0A7E3","queueNumber":1970}
{"sent":true,"message":"Sent to 573132318907@c.us","id":"true_573132318907@c.us_3EB0EB5CF19FD2E146C0","queueNumber":1971}
{"sent":true,"message":"Sent to 573132318907@c.us","id":"true_573132318907@c.us_3EB0EB803722DFBE8DB2","queueNumber":1972}
{"sent":false,"error":"TypeError: body.substring is not a function"}
{"sent":true,"message":"Sent to 573132318907@c.us","id":"true_573132318907@c.us_3EB0C9A86035EB7A578B","queueNumber":1973}
{"sent":false,"message":"Message was not sent: empty body. Please provide message text in body parameter in JSON POST."}
{"sent":true,"message":"Sent to 573132318907@c.us","id":"true_573132318907@c.us_3EB0DF9316C40661D8A1","queueNumber":1974}
{"sent":true,"message":"Sent to 573132318907@c.us","id":"true_573132318907@c.us_3EB0FC93DAE9E1EF94BD","queueNumber":1975}
{"sent":true,"message":"Sent to 573132318907@c.us","id":"true_573132318907@c.us_3EB0F7EB17BB4D9A27F0","queueNumber":1976}
{"sent":true,"message":"Sent to 573132318907@c.us","id":"true_573132318907@c.us_3EB00F9E1C67B93D96D3","queueNumber":1977}
{"sent":true,"message":"Sent to 573132318907@c.us","id":"true_573132318907@c.us_3EB0DD5E8C4EBCF171CD","queueNumber":1978}
{"sent":true,"message":"Sent to 573132318907@c.us","id":"true_573132318907@c.us_3EB05721B0129BD84E1D","queueNumber":1979}
{"sent":true,"message":"Sent to 573132318907@c.us","id":"true_573132318907@c.us_3EB098F4E0E62DE31BB8","queueNumber":1980}
{"sent":true,"message":"Sent to 573132318907@c.us","id":"true_573132318907@c.us_3EB01BC5899F8301A74B","queueNumber":1981}
{"sent":false,"error":"TypeError: body.substring is not a function"}
{"sent":true,"message":"Sent to 573132318907@c.us","id":"true_573132318907@c.us_3EB05DDA990141574DA3","queueNumber":1982}
{"sent":true,"message":"Sent to 573132318907@c.us","id":"true_573132318907@c.us_3EB0E4C1D32EFB9695BA","queueNumber":1983}
{"sent":true,"message":"Sent to 573132318907@c.us","id":"true_573132318907@c.us_3EB07DE13A31340F3823","queueNumber":1984}
{"sent":true,"message":"Sent to 573132318907@c.us","id":"true_573132318907@c.us_3EB0B6AB9B5F63DFE83F","queueNumber":1985}
{"sent":false,"error":"TypeError: body.substring is not a function"}
{"sent":true,"message":"Sent to 573132318907@c.us","id":"true_573132318907@c.us_3EB0AC531B247FB60F08","queueNumber":1986}
{"sent":true,"message":"Sent to 573132318907@c.us","id":"true_573132318907@c.us_3EB0788206930BCDDFF4","queueNumber":1987}
{"sent":true,"message":"Sent to 573132318907@c.us","id":"true_573132318907@c.us_3EB0FD69393C6F102011","queueNumber":1988}
{"sent":true,"message":"Sent to 573132318907@c.us","id":"true_573132318907@c.us_3EB02E944E0F329F4D89","queueNumber":1989}
{"sent":true,"message":"Sent to 573132318907@c.us","id":"true_573132318907@c.us_3EB0227D3A65CF4CD80F","queueNumber":1990}
{"sent":false,"error":"TypeError: body.substring is not a function"}
{"sent":true,"message":"Sent to 573132318907@c.us","id":"true_573132318907@c.us_3EB0F1C9C5E309643030","queueNumber":1991}
{"sent":true,"message":"Sent to 573132318907@c.us","id":"true_573132318907@c.us_3EB0CD1E741B9C656CBC","queueNumber":1992}
{"sent":true,"message":"Sent to 573132318907@c.us","id":"true_573132318907@c.us_3EB0717DE40B49C45FCB","queueNumber":1993}
{"sent":true,"message":"Sent to 573132318907@c.us","id":"true_573132318907@c.us_3EB0ABF1873540903CC0","queueNumber":1994}
{"sent":true,"message":"Sent to 573132318907@c.us","id":"true_573132318907@c.us_3EB0BC9FF22578E892AA","queueNumber":1995}
{"sent":false,"error":"TypeError: body.substring is not a function"}
{"sent":true,"message":"Sent to 573132318907@c.us","id":"true_573132318907@c.us_3EB032BA1B8C9E0FF7F6","queueNumber":1996}
{"sent":true,"message":"Sent to 573132318907@c.us","id":"true_573132318907@c.us_3EB0ED78AACF99B7324F","queueNumber":1997}
{"sent":true,"message":"Sent to 573132318907@c.us","id":"true_573132318907@c.us_3EB075B38B85B36C66FD","queueNumber":1998}
{"sent":true,"message":"Sent to 573132318907@c.us","id":"true_573132318907@c.us_3EB0FC61C0D8F8AA25FE","queueNumber":1999}
{"sent":true,"message":"Sent to 573132318907@c.us","id":"true_573132318907@c.us_3EB075D4789B03EEAF3B","queueNumber":2000}
{"sent":false,"error":"TypeError: body.substring is not a function"}
{"sent":true,"message":"Sent to 573132318907@c.us","id":"true_573132318907@c.us_3EB03B4918BFFB2F53B8","queueNumber":2001}
{"sent":true,"message":"Sent to 573132318907@c.us","id":"true_573132318907@c.us_3EB07531CB7D0261CCD0","queueNumber":2002}
{"sent":true,"message":"Sent to 573132318907@c.us","id":"true_573132318907@c.us_3EB00C64F3231A443598","queueNumber":2003}
{"sent":true,"message":"Sent to 573132318907@c.us","id":"true_573132318907@c.us_3EB0F495802B93CD5D46","queueNumber":2004}
{"sent":true,"message":"Sent to 573132318907@c.us","id":"true_573132318907@c.us_3EB012CF078668E6C65C","queueNumber":2005}
{"sent":false,"error":"TypeError: body.substring is not a function"}
{"sent":true,"message":"Sent to 573132318907@c.us","id":"true_573132318907@c.us_3EB083574245577D0BF0","queueNumber":2006}
{"sent":true,"message":"Sent to 573132318907@c.us","id":"true_573132318907@c.us_3EB07943EB0A941D5836","queueNumber":2008}
{"sent":true,"message":"Sent to 573132318907@c.us","id":"true_573132318907@c.us_3EB0E8C6D381B18CE085","queueNumber":2009}
{"sent":true,"message":"Sent to 573132318907@c.us","id":"true_573132318907@c.us_3EB0348F1B26B7638291","queueNumber":2010}
{"sent":true,"message":"Sent to 573132318907@c.us","id":"true_573132318907@c.us_3EB0CB8EF336E0E7F2E8","queueNumber":2011}
{"sent":true,"message":"Sent to 573132318907@c.us","id":"true_573132318907@c.us_3EB077F927093A72B28C","queueNumber":2012}
{"sent":true,"message":"Sent to 573132318907@c.us","id":"true_573132318907@c.us_3EB0EC6240D5853D1A38","queueNumber":2013}
{"sent":true,"message":"Sent to 573132318907@c.us","id":"true_573132318907@c.us_3EB00B956DE4E9A80FAA","queueNumber":2014}
{"sent":true,"message":"Sent to 573132318907@c.us","id":"true_573132318907@c.us_3EB038EF3DA1C8A85E69","queueNumber":2015}
{"sent":true,"message":"Sent to 573132318907@c.us","id":"true_573132318907@c.us_3EB06EF8C7177F528C0B","queueNumber":2016}
{"sent":true,"message":"Sent to 17864869299@c.us","id":"true_17864869299@c.us_3EB053D2462208E402FE","queueNumber":2034}
{"sent":true,"message":"Sent to 17866374458@c.us","id":"true_17866374458@c.us_3EB0BF38F21665D481DA","queueNumber":2035}
{"sent":true,"message":"Sent to 17868306796@c.us","id":"true_17868306796@c.us_3EB0EDC75945EC56E08B","queueNumber":2036}
{"sent":true,"message":"Sent to 17866374458@c.us","id":"true_17866374458@c.us_3EB0596A3CBD7F6B10DA","queueNumber":2037}
{"sent":true,"message":"Sent to 17868306796@c.us","id":"true_17868306796@c.us_3EB008E2D7041C76C927","queueNumber":2038}
{"sent":true,"message":"Sent to 17866374458@c.us","id":"true_17866374458@c.us_3EB03A73FA324B1162A1","queueNumber":2039}
{"sent":true,"message":"Sent to 17866374458@c.us","id":"true_17866374458@c.us_3EB043097438FF588E4C","queueNumber":2040}
{"sent":true,"message":"Sent to 17868306796@c.us","id":"true_17868306796@c.us_3EB0E1505B72B6414809","queueNumber":2041}
{"sent":true,"message":"Sent to 17864869299@c.us","id":"true_17864869299@c.us_3EB07F3AF9DF11D3C5C0","queueNumber":2042}
{"sent":true,"message":"Sent to 17868306796@c.us","id":"true_17868306796@c.us_3EB07466E68EA6AE4BEC","queueNumber":2043}
{"sent":true,"message":"Sent to 17866374458@c.us","id":"true_17866374458@c.us_3EB0384B7C48EDEC1030","queueNumber":2044}
{"sent":true,"message":"Sent to 17864869299@c.us","id":"true_17864869299@c.us_3EB0B6191926BD6D5573","queueNumber":2045}
{"sent":true,"message":"Sent to 17866374458@c.us","id":"true_17866374458@c.us_3EB0583700F0C1696E3C","queueNumber":2046}
{"sent":true,"message":"Sent to 17868306796@c.us","id":"true_17868306796@c.us_3EB0BACCD83F44E3AEDD","queueNumber":2047}
{"sent":true,"message":"Sent to 17864869299@c.us","id":"true_17864869299@c.us_3EB09F0D718185B92098","queueNumber":2048}
{"sent":true,"message":"Sent to 17866374458@c.us","id":"true_17866374458@c.us_3EB018B08F0E48DA22A2","queueNumber":2049}
{"sent":true,"message":"Sent to 17868306796@c.us","id":"true_17868306796@c.us_3EB0154F94DE4D1A8EA4","queueNumber":2050}
{"sent":true,"message":"Sent to 17866374458@c.us","id":"true_17866374458@c.us_3EB00398690BC82307CE","queueNumber":2051}
{"sent":true,"message":"Sent to 17868306796@c.us","id":"true_17868306796@c.us_3EB0A56E0358C169AA6B","queueNumber":2052}
{"sent":true,"message":"Sent to 17866374458@c.us","id":"true_17866374458@c.us_3EB00850937DD59288BF","queueNumber":2053}
{"sent":true,"message":"Sent to 17864869299@c.us","id":"true_17864869299@c.us_3EB01308F15BD5E9B610","queueNumber":2054}
{"sent":true,"message":"Sent to 17866374458@c.us","id":"true_17866374458@c.us_3EB077A232C8B9CE32BE","queueNumber":2055}
{"sent":true,"message":"Sent to 17868306796@c.us","id":"true_17868306796@c.us_3EB01A8A08D3277D3573","queueNumber":2056}
{"sent":true,"message":"Sent to 17866374458@c.us","id":"true_17866374458@c.us_3EB0F04AD20BBBC3DDAC","queueNumber":2057}
{"sent":true,"message":"Sent to 17866374458@c.us","id":"true_17866374458@c.us_3EB020365D9729CFBF9E","queueNumber":2058}
{"sent":true,"message":"Sent to 17866374458@c.us","id":"true_17866374458@c.us_3EB0A1634BA7A208D2BA","queueNumber":2059}
{"sent":true,"message":"Sent to 17868306796@c.us","id":"true_17868306796@c.us_3EB036EA16D775D9BDA3","queueNumber":2060}
{"sent":true,"message":"Sent to 17868306796@c.us","id":"true_17868306796@c.us_3EB03F6704A527819E5F","queueNumber":2061}
{"sent":true,"message":"Sent to 17868306796@c.us","id":"true_17868306796@c.us_3EB054829F568ED1752B","queueNumber":2062}
{"sent":true,"message":"Sent to 17868306796@c.us","id":"true_17868306796@c.us_3EB04D2BAE1254495B29","queueNumber":2063}
{"sent":true,"message":"Sent to 17868306796@c.us","id":"true_17868306796@c.us_3EB02DE66E9BA712C984","queueNumber":2064}
{"sent":true,"message":"Sent to 17866374458@c.us","id":"true_17866374458@c.us_3EB095D44A019B0B0860","queueNumber":2106}
{"sent":true,"message":"Sent to 17866374458@c.us","id":"true_17866374458@c.us_3EB03644C9E4B9AD05E2","queueNumber":2107}
{"sent":true,"message":"Sent to 17866374458@c.us","id":"true_17866374458@c.us_3EB057B51F82C0708A0E","queueNumber":2108}
{"sent":true,"message":"Sent to 17866374458@c.us","id":"true_17866374458@c.us_3EB01C279C3E099263D6","queueNumber":2109}
{"sent":true,"message":"Sent to 17866374458@c.us","id":"true_17866374458@c.us_3EB034CF7B94E624B50B","queueNumber":2110}
{"sent":true,"message":"Sent to 17864869299@c.us","id":"true_17864869299@c.us_3EB0D947D421A0C6D1B8","queueNumber":2111}
{"sent":true,"message":"Sent to 17864869299@c.us","id":"true_17864869299@c.us_3EB0DC4B24E7A8AFD58B","queueNumber":2112}
{"sent":true,"message":"Sent to 17864869299@c.us","id":"true_17864869299@c.us_3EB057C7ABAED9AEFEB0","queueNumber":2113}
{"sent":true,"message":"Sent to 17864869299@c.us","id":"true_17864869299@c.us_3EB010E568F2621EDC76","queueNumber":2114}
{"sent":true,"message":"Sent to 17864869299@c.us","id":"true_17864869299@c.us_3EB089FBB9FF722948CF","queueNumber":2115}
{"sent":true,"message":"Sent to 17864869299@c.us","id":"true_17864869299@c.us_3EB05D925D57531E32E8","queueNumber":2116}
{"sent":true,"message":"Sent to 17864869299@c.us","id":"true_17864869299@c.us_3EB0703C2C5532FEF5C0","queueNumber":2117}
{"sent":true,"message":"Sent to 17864869299@c.us","id":"true_17864869299@c.us_3EB08185A147B879CC86","queueNumber":2125}
{"sent":true,"message":"Sent to 17864869299@c.us","id":"true_17864869299@c.us_3EB0FF25C4A1FCCB4A9C","queueNumber":2126}
{"sent":true,"message":"Sent to 17864869299@c.us","id":"true_17864869299@c.us_3EB00E3FE47BD0D514DC","queueNumber":2127}
{"sent":true,"message":"Sent to 17864869299@c.us","id":"true_17864869299@c.us_3EB064938C81202FF63C","queueNumber":2128}
{"sent":true,"message":"Sent to 17864869299@c.us","id":"true_17864869299@c.us_3EB097920F7977CCAD0F","queueNumber":2129}
{"sent":true,"message":"Sent to 17868306796@c.us","id":"true_17868306796@c.us_3EB068BDB9B6745D6FC4","queueNumber":2131}
{"sent":true,"message":"Sent to 17868306796@c.us","id":"true_17868306796@c.us_3EB0EDFA78CF65CF608B","queueNumber":2132}
{"sent":true,"message":"Sent to 17868306796@c.us","id":"true_17868306796@c.us_3EB04738BDBAA3E74FBD","queueNumber":2133}
{"sent":true,"message":"Sent to 17864201094@c.us","id":"true_17864201094@c.us_3EB0D29B345EFE3217D0","queueNumber":2136}
{"sent":true,"message":"Sent to 17864201094@c.us","id":"true_17864201094@c.us_3EB035B9158442953574","queueNumber":2137}
{"sent":true,"message":"Sent to 17864201094@c.us","id":"true_17864201094@c.us_3EB0D2E1482EBC52D0D0","queueNumber":2138}
{"sent":true,"message":"Sent to 17864201094@c.us","id":"true_17864201094@c.us_3EB0F05A06EE60DF8F7A","queueNumber":2139}
{"sent":true,"message":"Sent to 17864201094@c.us","id":"true_17864201094@c.us_3EB0FD6C91E6FBA8FB1F","queueNumber":2140}
{"sent":true,"message":"Sent to 17864201094@c.us","id":"true_17864201094@c.us_3EB09360CA8EA6B17E3B","queueNumber":2141}
{"sent":true,"message":"Sent to 17864201094@c.us","id":"true_17864201094@c.us_3EB03CDA48FCC6DC5F92","queueNumber":2142}
{"sent":true,"message":"Sent to 17864201094@c.us","id":"true_17864201094@c.us_3EB00B7FDFF38764989F","queueNumber":2143}
{"sent":true,"message":"Sent to 17865934990@c.us","id":"true_17865934990@c.us_3EB00B0AD0297946C4D9","queueNumber":2147}
{"sent":true,"message":"Sent to 17865934990@c.us","id":"true_17865934990@c.us_3EB03EAF7610D98D1DC7","queueNumber":2148}
{"sent":true,"message":"Sent to 17865934990@c.us","id":"true_17865934990@c.us_3EB0C025AD8411262676","queueNumber":2149}
{"sent":true,"message":"Sent to 17865934990@c.us","id":"true_17865934990@c.us_3EB055419F05216C64C9","queueNumber":2150}
{"sent":true,"message":"Sent to 17865934990@c.us","id":"true_17865934990@c.us_3EB0DAB2D3E0F4D088E6","queueNumber":2151}
{"sent":true,"message":"Sent to 17865934990@c.us","id":"true_17865934990@c.us_3EB0826789855C578CE1","queueNumber":2152}
{"sent":true,"message":"Sent to 17865934990@c.us","id":"true_17865934990@c.us_3EB0CDD90E783537A5D2","queueNumber":2153}
{"sent":true,"message":"Sent to 17865934990@c.us","id":"true_17865934990@c.us_3EB0DD07BE8BCC879E8E","queueNumber":2154}
{"sent":true,"message":"Sent to 17865934990@c.us","id":"true_17865934990@c.us_3EB00666829949D0EE57","queueNumber":2155}
{"sent":true,"message":"Sent to 17865934990@c.us","id":"true_17865934990@c.us_3EB0B8AB00B9219D7BC8","queueNumber":2156}
{"sent":true,"message":"Sent to 17865934990@c.us","id":"true_17865934990@c.us_3EB0B7330DCDBCEC59EC","queueNumber":2157}
{"sent":true,"message":"Sent to 17862389676@c.us","id":"true_17862389676@c.us_3EB013CB43C2C81A9861","queueNumber":2158}
{"sent":true,"message":"Sent to 17862389676@c.us","id":"true_17862389676@c.us_3EB0C31652D4C6E78BEC","queueNumber":2159}
{"sent":true,"message":"Sent to 17862389676@c.us","id":"true_17862389676@c.us_3EB02822066AC5778DE8","queueNumber":2160}
{"sent":true,"message":"Sent to 584249533480@c.us","id":"true_584249533480@c.us_3EB05E2CE3C730DCAC3F","queueNumber":2161}
{"sent":true,"message":"Sent to 17862389676@c.us","id":"true_17862389676@c.us_3EB08CAA74B4DA89096E","queueNumber":2162}
{"sent":true,"message":"Sent to 17862389676@c.us","id":"true_17862389676@c.us_3EB041F5A186D3F8B6E0","queueNumber":2163}
{"sent":true,"message":"Sent to 17863251098@c.us","id":"true_17863251098@c.us_3EB0C2DD6C280F116C3D","queueNumber":2164}
{"sent":true,"message":"Sent to 17863251098@c.us","id":"true_17863251098@c.us_3EB08D881714EDD1B4B0","queueNumber":2165}
{"sent":true,"message":"Sent to 17863251098@c.us","id":"true_17863251098@c.us_3EB0FADC93E8D695CD23","queueNumber":2166}
{"sent":true,"message":"Sent to 17862389676@c.us","id":"true_17862389676@c.us_3EB0C5231F1A6FE1B4FC","queueNumber":2167}
{"sent":true,"message":"Sent to 17863251098@c.us","id":"true_17863251098@c.us_3EB04CA4F2E48D09F112","queueNumber":2168}
{"sent":true,"message":"Sent to 13214249554@c.us","id":"true_13214249554@c.us_3EB0F1E93A89B379E003","queueNumber":2169}
{"sent":true,"message":"Sent to 13214249554@c.us","id":"true_13214249554@c.us_3EB06FFFE140F483F211","queueNumber":2170}
{"sent":true,"message":"Sent to 13214249554@c.us","id":"true_13214249554@c.us_3EB04E61CF55756517AB","queueNumber":2171}
{"sent":true,"message":"Sent to 17863251098@c.us","id":"true_17863251098@c.us_3EB0F9FD9D229B0AB9D2","queueNumber":2172}
{"sent":true,"message":"Sent to 13214249554@c.us","id":"true_13214249554@c.us_3EB06B3E01C8C34C560C","queueNumber":2173}
{"sent":true,"message":"Sent to 17863251098@c.us","id":"true_17863251098@c.us_3EB093898ECE8377B76A","queueNumber":2174}
{"sent":true,"message":"Sent to 13214249554@c.us","id":"true_13214249554@c.us_3EB06559C1E5F9A096A2","queueNumber":2175}
{"sent":true,"message":"Sent to 17863251098@c.us","id":"true_17863251098@c.us_3EB0E8AB2E6879DC9390","queueNumber":2176}
{"sent":true,"message":"Sent to 13214249554@c.us","id":"true_13214249554@c.us_3EB09229DE944DCD496E","queueNumber":2177}
{"sent":true,"message":"Sent to 13214249554@c.us","id":"true_13214249554@c.us_3EB07FADF1A83E4E24DD","queueNumber":2178}
{"sent":true,"message":"Sent to 13214249554@c.us","id":"true_13214249554@c.us_3EB067D21A520DA5391D","queueNumber":2179}
{"sent":true,"message":"Sent to 17865934990@c.us","id":"true_17865934990@c.us_3EB039EFD5F93DCEE056","queueNumber":2180}
{"sent":true,"message":"Sent to 13214249554@c.us","id":"true_13214249554@c.us_3EB0FE556F498A847F7F","queueNumber":2181}
{"sent":true,"message":"Sent to 13214249554@c.us","id":"true_13214249554@c.us_3EB0E041BA5D74D1BE6F","queueNumber":2182}
{"sent":true,"message":"Sent to 13214249554@c.us","id":"true_13214249554@c.us_3EB0FA7BA4A9DEFCA296","queueNumber":2183}
{"sent":true,"message":"Sent to 13214249554@c.us","id":"true_13214249554@c.us_3EB00B003318E0EB7D8A","queueNumber":2184}
{"sent":true,"message":"Sent to 17863251098@c.us","id":"true_17863251098@c.us_3EB00133C0103D77D6B8","queueNumber":2185}
{"sent":true,"message":"Sent to 17863251098@c.us","id":"true_17863251098@c.us_3EB03D6ECE8CED12C2D0","queueNumber":2186}
{"sent":true,"message":"Sent to 17863251098@c.us","id":"true_17863251098@c.us_3EB0EF75980E41101F59","queueNumber":2187}
{"sent":true,"message":"Sent to 17863251098@c.us","id":"true_17863251098@c.us_3EB06ECE9E5FF7D58431","queueNumber":2188}
{"sent":true,"message":"Sent to 17863251098@c.us","id":"true_17863251098@c.us_3EB04A3C7678441A2F08","queueNumber":2189}
{"sent":true,"message":"Sent to 17863251098@c.us","id":"true_17863251098@c.us_3EB0324D7A2B465E943A","queueNumber":2190}
{"sent":true,"message":"Sent to 17864869299@c.us","id":"true_17864869299@c.us_3EB0A20E0232A0B73E31","queueNumber":2191}
{"sent":true,"message":"Sent to 17864869299@c.us","id":"true_17864869299@c.us_3EB0EC19FD023A852704","queueNumber":2192}
{"sent":true,"message":"Sent to 17864869299@c.us","id":"true_17864869299@c.us_3EB07610E2B6FA6FD3F9","queueNumber":2193}
{"sent":true,"message":"Sent to 17864869299@c.us","id":"true_17864869299@c.us_3EB047C2E6E2DD1DC6DB","queueNumber":2194}
{"sent":true,"message":"Sent to 17864869299@c.us","id":"true_17864869299@c.us_3EB0E64BDEFB75376EF6","queueNumber":2195}
{"sent":true,"message":"Sent to 17864869299@c.us","id":"true_17864869299@c.us_3EB0ECB10DFFD7CE3CDF","queueNumber":2196}
{"sent":true,"message":"Sent to 17864869299@c.us","id":"true_17864869299@c.us_3EB0041CCB681A727622","queueNumber":2197}
{"sent":true,"message":"Sent to 17864869299@c.us","id":"true_17864869299@c.us_3EB0833696138BA1B60C","queueNumber":2198}
{"sent":true,"message":"Sent to 17864869299@c.us","id":"true_17864869299@c.us_3EB088C589316559D35E","queueNumber":2199}
{"sent":true,"message":"Sent to 584141539214@c.us","id":"true_584141539214@c.us_3EB0D929705A4708178C","queueNumber":2200}
{"sent":true,"message":"Sent to 584141539214@c.us","id":"true_584141539214@c.us_3EB0FED37FF8A79F5E82","queueNumber":2201}
{"sent":true,"message":"Sent to 584141539214@c.us","id":"true_584141539214@c.us_3EB0716B415B1D380ADD","queueNumber":2202}
{"sent":true,"message":"Sent to 584141539214@c.us","id":"true_584141539214@c.us_3EB0569E160257F6D83C","queueNumber":2203}
{"sent":true,"message":"Sent to 584141539214@c.us","id":"true_584141539214@c.us_3EB00E68D7A9A79BF27F","queueNumber":2205}
{"sent":true,"message":"Sent to 17864869299@c.us","id":"true_17864869299@c.us_3EB0E012A7DF2727553B","queueNumber":2206}
{"sent":true,"message":"Sent to 17864869299@c.us","id":"true_17864869299@c.us_3EB0974B70DA8F05C3D2","queueNumber":2207}
{"sent":true,"message":"Sent to 17863251098@c.us","id":"true_17863251098@c.us_3EB066FF2EAFC6F20140","queueNumber":2208}
{"sent":true,"message":"Sent to 17863251098@c.us","id":"true_17863251098@c.us_3EB0CD3E6DFB7EA8AD2C","queueNumber":2209}
{"sent":true,"message":"Sent to 17863251098@c.us","id":"true_17863251098@c.us_3EB098CEED0668AB43C2","queueNumber":2210}
{"sent":true,"message":"Sent to 17864869299@c.us","id":"true_17864869299@c.us_3EB0E01EF03A9FC3E27D","queueNumber":2211}
{"sent":true,"message":"Sent to 17864869299@c.us","id":"true_17864869299@c.us_3EB00CAD0ED359E6FD2A","queueNumber":2212}
{"sent":true,"message":"Sent to 17864869299@c.us","id":"true_17864869299@c.us_3EB03243D34E668FF784","queueNumber":2213}
{"sent":true,"message":"Sent to 17864869299@c.us","id":"true_17864869299@c.us_3EB0FE7D25BAEACCA8E8","queueNumber":2214}
{"sent":true,"message":"Sent to 17864869299@c.us","id":"true_17864869299@c.us_3EB0DFE72569273D4726","queueNumber":2215}
{"sent":true,"message":"Sent to 17863251098@c.us","id":"true_17863251098@c.us_3EB019A2DE16F0DE6770","queueNumber":2216}
{"sent":true,"message":"Sent to 17863251098@c.us","id":"true_17863251098@c.us_3EB0635FF956FFC50816","queueNumber":2217}
{"sent":true,"message":"Sent to 17864869299@c.us","id":"true_17864869299@c.us_3EB02CE22F2C5C0C5090","queueNumber":2218}
{"sent":false,"error":"TypeError: body.substring is not a function"}
{"sent":true,"message":"Sent to 17864869299@c.us","id":"true_17864869299@c.us_3EB000C4A2F10A1F04A3","queueNumber":2219}
{"sent":false,"error":"TypeError: body.substring is not a function"}
{"sent":true,"message":"Sent to 17864869299@c.us","id":"true_17864869299@c.us_3EB0B35D32C1322458CF","queueNumber":2220}
{"sent":true,"message":"Sent to 17864869299@c.us","id":"true_17864869299@c.us_3EB0339255A83B636EB7","queueNumber":2221}
{"sent":true,"message":"Sent to 17864869299@c.us","id":"true_17864869299@c.us_3EB0FAE0AAA94B3FFBC7","queueNumber":2222}
{"sent":true,"message":"Sent to 17864869299@c.us","id":"true_17864869299@c.us_3EB0E07C0FBF8A2BC8B2","queueNumber":2223}
{"sent":true,"message":"Sent to 584141539214@c.us","id":"true_584141539214@c.us_3EB022E3074809ED7B0E","queueNumber":2224}
{"sent":true,"message":"Sent to 584141539214@c.us","id":"true_584141539214@c.us_3EB099F162DC2A1584F0","queueNumber":2225}
{"sent":true,"message":"Sent to 584142114115@c.us","id":"true_584142114115@c.us_3EB0FE93D6F43829C596","queueNumber":2226}
{"sent":true,"message":"Sent to 584142114115@c.us","id":"true_584142114115@c.us_3EB0B2E97B0664F0C365","queueNumber":2227}
{"sent":true,"message":"Sent to 584142114115@c.us","id":"true_584142114115@c.us_3EB025C6A0ACD45F1D4A","queueNumber":2228}
{"sent":true,"message":"Sent to 17864869299@c.us","id":"true_17864869299@c.us_3EB042AA49584B48D3C1","queueNumber":2229}
{"sent":true,"message":"Sent to 584142114115@c.us","id":"true_584142114115@c.us_3EB030AB0BA9EFFE2581","queueNumber":2230}
{"sent":true,"message":"Sent to 584141539214@c.us","id":"true_584141539214@c.us_3EB043C027520F0B1E23","queueNumber":2231}
{"sent":true,"message":"Sent to 584142114115@c.us","id":"true_584142114115@c.us_3EB0803F76795DF57746","queueNumber":2232}
{"sent":true,"message":"Sent to 17864869299@c.us","id":"true_17864869299@c.us_3EB0972CC5E74216EB54","queueNumber":2233}
{"sent":true,"message":"Sent to 584142114115@c.us","id":"true_584142114115@c.us_3EB0EADF23ECC675144D","queueNumber":2234}
{"sent":true,"message":"Sent to 584142114115@c.us","id":"true_584142114115@c.us_3EB05F1B04C41337170B","queueNumber":2235}
{"sent":true,"message":"Sent to 584141539214@c.us","id":"true_584141539214@c.us_3EB0D91A13C3789CBEA5","queueNumber":2236}
{"sent":true,"message":"Sent to 584142114115@c.us","id":"true_584142114115@c.us_3EB0BF07BB1D9935BFDA","queueNumber":2237}
{"sent":true,"message":"Sent to 584141539214@c.us","id":"true_584141539214@c.us_3EB040DA29413BD40F47","queueNumber":2238}
{"sent":true,"message":"Sent to 17864869299@c.us","id":"true_17864869299@c.us_3EB0FEAFA5BF73FEC651","queueNumber":2239}
{"sent":true,"message":"Sent to 584142114115@c.us","id":"true_584142114115@c.us_3EB0B85450F266ACF480","queueNumber":2240}
{"sent":true,"message":"Sent to 17864869299@c.us","id":"true_17864869299@c.us_3EB09212380231F23CF1","queueNumber":2241}
{"sent":true,"message":"Sent to 584142114115@c.us","id":"true_584142114115@c.us_3EB00E7CDE4522E4B694","queueNumber":2242}
{"sent":true,"message":"Sent to 584141539214@c.us","id":"true_584141539214@c.us_3EB06C4D76ADFCA01690","queueNumber":2243}
{"sent":true,"message":"Sent to 584142114115@c.us","id":"true_584142114115@c.us_3EB0B08CDA234DED6994","queueNumber":2244}
{"sent":true,"message":"Sent to 17864869299@c.us","id":"true_17864869299@c.us_3EB06CB8DD61B0D3243A","queueNumber":2245}
{"sent":true,"message":"Sent to 584142114115@c.us","id":"true_584142114115@c.us_3EB0E993740F8A9ADDF9","queueNumber":2246}
{"sent":true,"message":"Sent to 584141539214@c.us","id":"true_584141539214@c.us_3EB0D40B95C29A7FF617","queueNumber":2247}
{"sent":true,"message":"Sent to 17864869299@c.us","id":"true_17864869299@c.us_3EB0722DC39D2A96F879","queueNumber":2248}
{"sent":true,"message":"Sent to 584141539214@c.us","id":"true_584141539214@c.us_3EB0DD51E42CDBF4E30C","queueNumber":2249}
{"sent":true,"message":"Sent to 17864869299@c.us","id":"true_17864869299@c.us_3EB05C73392D26938E08","queueNumber":2250}
{"sent":true,"message":"Sent to 584141539214@c.us","id":"true_584141539214@c.us_3EB0F8605164D5527CCE","queueNumber":2251}
{"sent":true,"message":"Sent to 17864869299@c.us","id":"true_17864869299@c.us_3EB025EB9BF1AE5E56BD","queueNumber":2252}
{"sent":true,"message":"Sent to 584141539214@c.us","id":"true_584141539214@c.us_3EB0FBE52B17F0C3273E","queueNumber":2253}
{"sent":true,"message":"Sent to 17864869299@c.us","id":"true_17864869299@c.us_3EB0C3B19BF97400BFAC","queueNumber":2254}
{"sent":true,"message":"Sent to 17864869299@c.us","id":"true_17864869299@c.us_3EB09BED48F18F266F53","queueNumber":2255}
{"sent":true,"message":"Sent to 17864869299@c.us","id":"true_17864869299@c.us_3EB0AE202AC3D0659C2F","queueNumber":2256}
{"sent":true,"message":"Sent to 17864869299@c.us","id":"true_17864869299@c.us_3EB0E2B1594F63BE5B21","queueNumber":2257}
{"sent":true,"message":"Sent to 17864869299@c.us","id":"true_17864869299@c.us_3EB0926261FCFF67336A","queueNumber":2258}
{"sent":true,"message":"Sent to 17864869299@c.us","id":"true_17864869299@c.us_3EB0E84BC91CDC0354C0","queueNumber":2259}
{"sent":true,"message":"Sent to 17864869299@c.us","id":"true_17864869299@c.us_3EB08984A14B1C00EA57","queueNumber":2260}
{"sent":true,"message":"Sent to 17864869299@c.us","id":"true_17864869299@c.us_3EB03B424BD61FAB1ECC","queueNumber":2261}
{"sent":true,"message":"Sent to 17864869299@c.us","id":"true_17864869299@c.us_3EB091079E70BD50A597","queueNumber":2262}
{"sent":true,"message":"Sent to 17864869299@c.us","id":"true_17864869299@c.us_3EB07C491FD8B975E547","queueNumber":2263}
{"sent":true,"message":"Sent to 17864869299@c.us","id":"true_17864869299@c.us_3EB09D46E10BE5268E89","queueNumber":2264}
{"sent":true,"message":"Sent to 17864869299@c.us","id":"true_17864869299@c.us_3EB0755A4C5701928376","queueNumber":2265}
{"sent":true,"message":"Sent to 17864869299@c.us","id":"true_17864869299@c.us_3EB0F0F7C13164EC2AC8","queueNumber":2266}
{"sent":true,"message":"Sent to 17864869299@c.us","id":"true_17864869299@c.us_3EB0A0F99AD9EF5A8132","queueNumber":2268}
{"sent":true,"message":"Sent to 17864869299@c.us","id":"true_17864869299@c.us_3EB0AC69DBC67CC83695","queueNumber":2269}
{"sent":false,"error":"TypeError: body.substring is not a function"}
{"sent":true,"message":"Sent to 17864869299@c.us","id":"true_17864869299@c.us_3EB04F46649863997832","queueNumber":2270}
{"sent":true,"message":"Sent to 17864869299@c.us","id":"true_17864869299@c.us_3EB0137E2043D127C542","queueNumber":2271}
{"sent":true,"message":"Sent to 17864869299@c.us","id":"true_17864869299@c.us_3EB0B4CF43E2864B8E5E","queueNumber":2272}
{"sent":true,"message":"Sent to 17864869299@c.us","id":"true_17864869299@c.us_3EB0F9394BD187A68AE9","queueNumber":2273}
{"sent":true,"message":"Sent to 17864869299@c.us","id":"true_17864869299@c.us_3EB0B4BA441395BE47B0","queueNumber":2274}
{"sent":true,"message":"Sent to 17864869299@c.us","id":"true_17864869299@c.us_3EB0D210EA35791B7F88","queueNumber":2275}
{"sent":true,"message":"Sent to 17864869299@c.us","id":"true_17864869299@c.us_3EB090C1A2E41A61C5D8","queueNumber":2276}
{"sent":true,"message":"Sent to 17864869299@c.us","id":"true_17864869299@c.us_3EB089C8E172784AFAF0","queueNumber":2277}
{"sent":true,"message":"Sent to 17864869299@c.us","id":"true_17864869299@c.us_3EB025D91B04181AC3A8","queueNumber":2278}
{"sent":true,"message":"Sent to 17864869299@c.us","id":"true_17864869299@c.us_3EB005F256F8EAE95AAE","queueNumber":2279}
{"sent":true,"message":"Sent to 17864869299@c.us","id":"true_17864869299@c.us_3EB066407A7FDB274372","queueNumber":2280}
{"sent":true,"message":"Sent to 17864869299@c.us","id":"true_17864869299@c.us_3EB0B9F0495298B2087A","queueNumber":2281}
{"sent":true,"message":"Sent to 17864869299@c.us","id":"true_17864869299@c.us_3EB06678D7A1C617E13A","queueNumber":2282}
{"sent":true,"message":"Sent to 17864869299@c.us","id":"true_17864869299@c.us_3EB0FDD57DEBC680625A","queueNumber":2283}
{"sent":true,"message":"Sent to 17864869299@c.us","id":"true_17864869299@c.us_3EB0F248162765F75894","queueNumber":2284}
{"sent":true,"message":"Sent to 17864869299@c.us","id":"true_17864869299@c.us_3EB0A60195B094E8A624","queueNumber":2285}
{"sent":true,"message":"Sent to 17864869299@c.us","id":"true_17864869299@c.us_3EB0C3EB172FC346E112","queueNumber":2286}
{"sent":false,"error":"TypeError: body.substring is not a function"}
{"sent":true,"message":"Sent to 17864869299@c.us","id":"true_17864869299@c.us_3EB0540A452869C0B43C","queueNumber":2287}
{"sent":true,"message":"Sent to 17864869299@c.us","id":"true_17864869299@c.us_3EB05592077F883717B6","queueNumber":2288}
{"sent":true,"message":"Sent to 13054977831@c.us","id":"true_13054977831@c.us_3EB0F5DDD07DF01DD33E","queueNumber":2289}
{"sent":true,"message":"Sent to 13054977831@c.us","id":"true_13054977831@c.us_3EB02E4DAAD5EADCF93F","queueNumber":2290}
{"sent":true,"message":"Sent to 13054977831@c.us","id":"true_13054977831@c.us_3EB02CDA9B9816AB6B0A","queueNumber":2291}
{"sent":true,"message":"Sent to 13054977831@c.us","id":"true_13054977831@c.us_3EB0510136CAEE9B8435","queueNumber":2292}
{"sent":true,"message":"Sent to 13054977831@c.us","id":"true_13054977831@c.us_3EB05D69E2F4ECA3017A","queueNumber":2293}
{"sent":true,"message":"Sent to 13054977831@c.us","id":"true_13054977831@c.us_3EB0AEB5CC46B7F11D9D","queueNumber":2294}
{"sent":true,"message":"Sent to 13054977831@c.us","id":"true_13054977831@c.us_3EB02754B407F8ADDE22","queueNumber":2295}
{"sent":true,"message":"Sent to 13054977831@c.us","id":"true_13054977831@c.us_3EB09FD0B71084D461C6","queueNumber":2296}
{"sent":true,"message":"Sent to 13054977831@c.us","id":"true_13054977831@c.us_3EB0466121F1A2002651","queueNumber":2297}
{"sent":true,"message":"Sent to 13054977831@c.us","id":"true_13054977831@c.us_3EB07BDE38C4E1AD36A5","queueNumber":2298}
{"sent":true,"message":"Sent to 13054977831@c.us","id":"true_13054977831@c.us_3EB065B646219C144599","queueNumber":2299}
{"sent":true,"message":"Sent to 13054977831@c.us","id":"true_13054977831@c.us_3EB09B4DCA3170EC473A","queueNumber":2300}
{"sent":true,"message":"Sent to 13054977831@c.us","id":"true_13054977831@c.us_3EB0585B8F9DDF26BD47","queueNumber":2301}
{"sent":true,"message":"Sent to 573132318907@c.us","id":"true_573132318907@c.us_3EB0B5B665B96C736F8A","queueNumber":2303}
{"sent":true,"message":"Sent to 573132318907@c.us","id":"true_573132318907@c.us_3EB0E660A1346FC8AF0B","queueNumber":2304}
{"sent":true,"message":"Sent to 573132318907@c.us","id":"true_573132318907@c.us_3EB0B0E2CF556EF5931D","queueNumber":2305}
{"sent":true,"message":"Sent to 573132318907@c.us","id":"true_573132318907@c.us_3EB07EF6966A23254E55","queueNumber":2306}
{"sent":true,"message":"Sent to 573132318907@c.us","id":"true_573132318907@c.us_3EB014F3EFF6A1925DF9","queueNumber":2307}
{"sent":true,"message":"Sent to 573132318907@c.us","id":"true_573132318907@c.us_3EB00A6B457242213801","queueNumber":2308}
{"sent":true,"message":"Sent to 573132318907@c.us","id":"true_573132318907@c.us_3EB0229EA6CA60DF972A","queueNumber":2309}
{"sent":true,"message":"Sent to 573132318907@c.us","id":"true_573132318907@c.us_3EB01FCAD9C727945B98","queueNumber":2310}
{"sent":true,"message":"Sent to 573132318907@c.us","id":"true_573132318907@c.us_3EB06CCEDD2FAAFE76C6","queueNumber":2311}
{"sent":true,"message":"Sent to 573132318907@c.us","id":"true_573132318907@c.us_3EB0B848C1F91B4A1FB5","queueNumber":2312}
{"sent":true,"message":"Sent to 573132318907@c.us","id":"true_573132318907@c.us_3EB0196245A6BE2063CB","queueNumber":2313}
{"sent":true,"message":"Sent to 573132318907@c.us","id":"true_573132318907@c.us_3EB06DEDCE92DD421800","queueNumber":2314}
{"sent":true,"message":"Sent to 573132318907@c.us","id":"true_573132318907@c.us_3EB0AF21D2C55ED6CD46","queueNumber":2315}
{"sent":true,"message":"Sent to 573132318907@c.us","id":"true_573132318907@c.us_3EB053BAB721BA9A2FCA","queueNumber":2316}
{"sent":true,"message":"Sent to 573132318907@c.us","id":"true_573132318907@c.us_3EB0DEB5E66698D087D7","queueNumber":2317}
{"sent":true,"message":"Sent to 573132318907@c.us","id":"true_573132318907@c.us_3EB0CA480CC949826B84","queueNumber":2318}
{"sent":true,"message":"Sent to 573132318907@c.us","id":"true_573132318907@c.us_3EB04D1EC643BE2B95A4","queueNumber":2319}
{"sent":true,"message":"Sent to 573132318907@c.us","id":"true_573132318907@c.us_3EB0531F36F5027E51D4","queueNumber":2320}
{"sent":true,"message":"Sent to 573132318907@c.us","id":"true_573132318907@c.us_3EB0FE18C37815E49D20","queueNumber":2321}
{"sent":true,"message":"Sent to 573132318907@c.us","id":"true_573132318907@c.us_3EB04551EEFB17DF4BC0","queueNumber":2322}
{"sent":true,"message":"Sent to 573132318907@c.us","id":"true_573132318907@c.us_3EB013C4390C54EE5A6B","queueNumber":2323}
{"sent":true,"message":"Sent to 573132318907@c.us","id":"true_573132318907@c.us_3EB08577B0F27241BFEF","queueNumber":2324}
{"sent":true,"message":"Sent to 573132318907@c.us","id":"true_573132318907@c.us_3EB0AE089C9ADCF11A0A","queueNumber":2325}
{"sent":true,"message":"Sent to 573132318907@c.us","id":"true_573132318907@c.us_3EB0A5CEF9A36C4A35D3","queueNumber":2326}
{"sent":true,"message":"Sent to 573132318907@c.us","id":"true_573132318907@c.us_3EB03ED022F05C930482","queueNumber":2327}
{"sent":true,"message":"Sent to 573132318907@c.us","id":"true_573132318907@c.us_3EB0E1A17BA06653E770","queueNumber":2328}
{"sent":false,"error":"TypeError: body.substring is not a function"}
{"sent":true,"message":"Sent to 573132318907@c.us","id":"true_573132318907@c.us_3EB0DED64D935EBD76B5","queueNumber":2329}
{"sent":true,"message":"Sent to 573132318907@c.us","id":"true_573132318907@c.us_3EB0C5A951F6305C8B0E","queueNumber":2330}
{"sent":true,"message":"Sent to 573132318907@c.us","id":"true_573132318907@c.us_3EB0507FFD1BEE41FCCA","queueNumber":2331}
{"sent":true,"message":"Sent to 573132318907@c.us","id":"true_573132318907@c.us_3EB0CD34E2BF87A17DA5","queueNumber":2332}
{"sent":true,"message":"Sent to 573132318907@c.us","id":"true_573132318907@c.us_3EB01BDF01337C027032","queueNumber":2333}
{"sent":true,"message":"Sent to 573132318907@c.us","id":"true_573132318907@c.us_3EB0C32DDF32A2B76471","queueNumber":2334}
{"sent":true,"message":"Sent to 573132318907@c.us","id":"true_573132318907@c.us_3EB0AD2FFB951523B03C","queueNumber":2336}
{"sent":true,"message":"Sent to 573132318907@c.us","id":"true_573132318907@c.us_3EB0C35DA0A67E2490E2","queueNumber":2337}
{"sent":true,"message":"Sent to 573132318907@c.us","id":"true_573132318907@c.us_3EB004B9E8919A293AEC","queueNumber":2338}
{"sent":true,"message":"Sent to 573132318907@c.us","id":"true_573132318907@c.us_3EB0082C4B3C216BB302","queueNumber":2339}
{"sent":true,"message":"Sent to 573132318907@c.us","id":"true_573132318907@c.us_3EB02AFBAFF0401EAC61","queueNumber":2340}
{"sent":true,"message":"Sent to 573132318907@c.us","id":"true_573132318907@c.us_3EB00CC0351CCEE4AF7E","queueNumber":2341}
{"sent":true,"message":"Sent to 573132318907@c.us","id":"true_573132318907@c.us_3EB04D78714A24540D20","queueNumber":2342}
{"sent":true,"message":"Sent to 573132318907@c.us","id":"true_573132318907@c.us_3EB08A11740408EE1CB9","queueNumber":2343}
{"sent":true,"message":"Sent to 573132318907@c.us","id":"true_573132318907@c.us_3EB07A7A3D53D55370DA","queueNumber":2344}
{"sent":true,"message":"Sent to 573132318907@c.us","id":"true_573132318907@c.us_3EB04C5AB0F49853D235","queueNumber":2345}
{"sent":true,"message":"Sent to 573132318907@c.us","id":"true_573132318907@c.us_3EB06EE64AD93644520F","queueNumber":2357}
{"sent":true,"message":"Sent to 13054977434@c.us","id":"true_13054977434@c.us_3EB065192F77C735B33C","queueNumber":2362}
{"sent":true,"message":"Sent to 13054977434@c.us","id":"true_13054977434@c.us_3EB0870037B39DAF2868","queueNumber":2363}
{"sent":true,"message":"Sent to 13054977434@c.us","id":"true_13054977434@c.us_3EB0F050BFF7AFE22CD0","queueNumber":2364}
{"sent":true,"message":"Sent to 13054977434@c.us","id":"true_13054977434@c.us_3EB0613439AD87130A30","queueNumber":2365}
{"sent":true,"message":"Sent to 13054977434@c.us","id":"true_13054977434@c.us_3EB0F962B289464CDF92","queueNumber":2366}
{"sent":true,"message":"Sent to 13054977434@c.us","id":"true_13054977434@c.us_3EB0CFBDABB6901A024E","queueNumber":2367}
{"sent":true,"message":"Sent to 13054977434@c.us","id":"true_13054977434@c.us_3EB07940E01626E562ED","queueNumber":2368}
{"sent":true,"message":"Sent to 13054977434@c.us","id":"true_13054977434@c.us_3EB06B961BDFDCA36D3A","queueNumber":2369}
{"sent":true,"message":"Sent to 13054977434@c.us","id":"true_13054977434@c.us_3EB0269EE52B0EC75682","queueNumber":2379}
{"sent":true,"message":"Sent to 13054977434@c.us","id":"true_13054977434@c.us_3EB0663EA6E41DDC8AE4","queueNumber":2380}
{"sent":true,"message":"Sent to 13054977434@c.us","id":"true_13054977434@c.us_3EB0B0B8D55AB3680C3B","queueNumber":2381}
{"sent":true,"message":"Sent to 13054977434@c.us","id":"true_13054977434@c.us_3EB03E0FBF1FD31885EC","queueNumber":2382}
{"sent":true,"message":"Sent to 13054977434@c.us","id":"true_13054977434@c.us_3EB00978CDFC1842CD10","queueNumber":2383}
{"sent":true,"message":"Sent to 13054977434@c.us","id":"true_13054977434@c.us_3EB0BB92CFD8040C8B5B","queueNumber":2384}
{"sent":true,"message":"Sent to 13054977434@c.us","id":"true_13054977434@c.us_3EB0E0855D16D65D09A3","queueNumber":2385}
{"sent":true,"message":"Sent to 13054977434@c.us","id":"true_13054977434@c.us_3EB09DC28F411190FECB","queueNumber":2388}
{"sent":true,"message":"Sent to 573132318907@c.us","id":"true_573132318907@c.us_3EB0C2D386D8C9A23875","queueNumber":2389}
{"sent":true,"message":"Sent to 573132318907@c.us","id":"true_573132318907@c.us_3EB0F0BC577402E25AFF","queueNumber":2390}
{"sent":true,"message":"Sent to 573132318907@c.us","id":"true_573132318907@c.us_3EB0B7515053BB293EC5","queueNumber":2391}
{"sent":true,"message":"Sent to 573132318907@c.us","id":"true_573132318907@c.us_3EB0F6B110338C1AD4F1","queueNumber":2392}
{"sent":true,"message":"Sent to 573132318907@c.us","id":"true_573132318907@c.us_3EB094A8917673D6DCB7","queueNumber":2393}
{"sent":true,"message":"Sent to 573132318907@c.us","id":"true_573132318907@c.us_3EB08B13D4ADEAECFE36","queueNumber":2394}
{"sent":true,"message":"Sent to 573132318907@c.us","id":"true_573132318907@c.us_3EB0C7D9295532C5053B","queueNumber":2395}
{"sent":true,"message":"Sent to 573132318907@c.us","id":"true_573132318907@c.us_3EB0960F62615BD3A0B4","queueNumber":2396}
{"sent":true,"message":"Sent to 573132318907@c.us","id":"true_573132318907@c.us_3EB0FF94BB8F70656071","queueNumber":2397}
{"sent":true,"message":"Sent to 573132318907@c.us","id":"true_573132318907@c.us_3EB00C822D00CB235A89","queueNumber":2398}
{"sent":true,"message":"Sent to 573132318907@c.us","id":"true_573132318907@c.us_3EB0B36A56F84183122E","queueNumber":2399}
{"sent":true,"message":"Sent to 573132318907@c.us","id":"true_573132318907@c.us_3EB0499DA19ADD3AE5C4","queueNumber":2400}
{"sent":true,"message":"Sent to 573132318907@c.us","id":"true_573132318907@c.us_3EB09AAF1342EFDC771B","queueNumber":2404}
{"sent":true,"message":"Sent to 573132318907@c.us","id":"true_573132318907@c.us_3EB02F4BE33B90669447","queueNumber":2405}
{"sent":true,"message":"Sent to 573132318907@c.us","id":"true_573132318907@c.us_3EB021295B043997D1E4","queueNumber":2406}
{"sent":true,"message":"Sent to 573132318907@c.us","id":"true_573132318907@c.us_3EB005B69212C15AE9FE","queueNumber":2407}

{"sent":true,"message":"Sent to 573132318907@c.us","id":"true_573132318907@c.us_3EB0AE6AC5AAB887D9D1","queueNumber":2408}
{"sent":true,"message":"Sent to 573132318907@c.us","id":"true_573132318907@c.us_3EB0879608DD331C8570","queueNumber":2409}
{"sent":true,"message":"Sent to 573132318907@c.us","id":"true_573132318907@c.us_3EB0ED5486AC9FB6C2A0","queueNumber":2410}
{"sent":true,"message":"Sent to 573132318907@c.us","id":"true_573132318907@c.us_3EB0C72D3ED7B9132491","queueNumber":2411}
{"sent":true,"message":"Sent to 573132318907@c.us","id":"true_573132318907@c.us_3EB0DDBF2A938C63E191","queueNumber":2412}
{"sent":true,"message":"Sent to 573132318907@c.us","id":"true_573132318907@c.us_3EB0C2C8F64E01FE9782","queueNumber":2413}
{"sent":true,"message":"Sent to 573132318907@c.us","id":"true_573132318907@c.us_3EB041FFE07A5B7EE82F","queueNumber":2414}
{"sent":true,"message":"Sent to 17866374458@c.us","id":"true_17866374458@c.us_3EB0E66D22B2D56D3DB7","queueNumber":2420}
{"sent":true,"message":"Sent to 17866374458@c.us","id":"true_17866374458@c.us_3EB0CF59EC0704D3610E","queueNumber":2421}
{"sent":true,"message":"Sent to 17866374458@c.us","id":"true_17866374458@c.us_3EB042E24E429A9A8698","queueNumber":2422}
{"sent":true,"message":"Sent to 573132318907@c.us","id":"true_573132318907@c.us_3EB08EBE0E7A5FADF3BB","queueNumber":2423}
{"sent":true,"message":"Sent to 573132318907@c.us","id":"true_573132318907@c.us_3EB089775D2D866BD383","queueNumber":2424}
{"sent":true,"message":"Status of the account not equals authenticated. Message to  573132318907@c.us will be sent after successful auth.","id":"true_573132318907@c.us_3EB02C2E27F831B9181A","queueNumber":2}
{"sent":true,"message":"Status of the account not equals authenticated. Message to  573132318907@c.us will be sent after successful auth.","id":"true_573132318907@c.us_3EB0DAB5053295C63BCC","queueNumber":6}
