{"sent":false,"message":"phone parameter should contain only numbers, start from country code and be 10-14 characters long"}
{"sent":true,"message":"Sent to 573132318907@c.us","id":"true_573132318907@c.us_3EB0F8210F96A4470C4C","queueNumber":18}
{"sent":true,"message":"Sent to 573132318907@c.us","id":"true_573132318907@c.us_3EB01DC4252E0C191106","queueNumber":19}
{"sent":true,"message":"Sent to 573132318907@c.us","id":"true_573132318907@c.us_3EB09427AFC736E3AECF","queueNumber":20}
{"sent":true,"message":"Sent to 573132318907@c.us","id":"true_573132318907@c.us_3EB0B35DFC92DEC4725D","queueNumber":21}
{"sent":true,"message":"Sent to 573132318907@c.us","id":"true_573132318907@c.us_3EB01545E1F3E83540E6","queueNumber":22}
{"sent":true,"message":"Sent to 573132318907@c.us","id":"true_573132318907@c.us_3EB09A7BFA8CFDCAC863","queueNumber":23}
{"sent":true,"message":"Sent to 573132318907@c.us","id":"true_573132318907@c.us_3EB09C995A5CD82C4379","queueNumber":24}
{"sent":true,"message":"Sent to 573132318907@c.us","id":"true_573132318907@c.us_3EB0EC21454BCF4C965A","queueNumber":25}
{"sent":true,"message":"Sent to 573132318907@c.us","id":"true_573132318907@c.us_3EB0419EA6380A7C9374","queueNumber":26}
{"sent":true,"message":"Sent to 573132318907@c.us","id":"true_573132318907@c.us_3EB0B7019975CD7C0565","queueNumber":27}
{"sent":true,"message":"Sent to 573132318907@c.us","id":"true_573132318907@c.us_3EB0819FAFA37124750D","queueNumber":28}
{"sent":true,"message":"Sent to 573132318907@c.us","id":"true_573132318907@c.us_3EB032F868BEA5195328","queueNumber":29}
{"sent":true,"message":"Sent to 573132318907@c.us","id":"true_573132318907@c.us_3EB0A839AB49FD3E2D41","queueNumber":30}
{"sent":true,"message":"Sent to 573132318907@c.us","id":"true_573132318907@c.us_3EB00C65B178278B9DE9","queueNumber":32}
{"sent":true,"message":"Sent to 573132318907@c.us","id":"true_573132318907@c.us_3EB025EBB890742651D4","queueNumber":33}
{"sent":true,"message":"Sent to 573132318907@c.us","id":"true_573132318907@c.us_3EB0D82B34ED7BE48FF4","queueNumber":34}
{"sent":true,"message":"Sent to 573132318907@c.us","id":"true_573132318907@c.us_3EB071B03F592628E7F8","queueNumber":35}
{"sent":true,"message":"Sent to 573132318907@c.us","id":"true_573132318907@c.us_3EB002FC1545ED855D9F","queueNumber":36}
{"sent":true,"message":"Sent to 573132318907@c.us","id":"true_573132318907@c.us_3EB03049B65F339B46E3","queueNumber":37}
{"sent":true,"message":"Sent to 573132318907@c.us","id":"true_573132318907@c.us_3EB091F312C1D93A29D1","queueNumber":38}
{"sent":true,"message":"Sent to 573132318907@c.us","id":"true_573132318907@c.us_3EB014472E9A5B4A7FFB","queueNumber":121}
{"sent":true,"message":"Sent to 573132318907@c.us","id":"true_573132318907@c.us_3EB0F214BD876AAA8363","queueNumber":122}
{"sent":true,"message":"Sent to 573132318907@c.us","id":"true_573132318907@c.us_3EB0B3972E79315A988F","queueNumber":123}



{"sent":true,"message":"Sent to 573132318907@c.us","id":"true_573132318907@c.us_3EB049D67C0FCFE567DE","queueNumber":124}
{"sent":true,"message":"Sent to 573132318907@c.us","id":"true_573132318907@c.us_3EB09B0121B3D0267FF4","queueNumber":125}
{"sent":true,"message":"Sent to 573132318907@c.us","id":"true_573132318907@c.us_3EB0FE949A422C4E1FE7","queueNumber":126}

{"sent":true,"message":"Sent to 573132318907@c.us","id":"true_573132318907@c.us_3EB08862B729B0755AE7","queueNumber":1502}
{"sent":true,"message":"Sent to 573132318907@c.us","id":"true_573132318907@c.us_3EB0F655639BB082D7E5","queueNumber":1503}
{"sent":true,"message":"Sent to 573132318907@c.us","id":"true_573132318907@c.us_3EB081D50BC903110F2C","queueNumber":1523}
{"sent":true,"message":"Sent to 34654448905@c.us","id":"true_34654448905@c.us_3EB0154181CCA1E4A893","queueNumber":1524}
{"sent":true,"message":"Sent to 17252248335@c.us","id":"true_17252248335@c.us_3EB0D98E9FD65A1BA5E5","queueNumber":1525}
{"sent":true,"message":"Sent to 573132318907@c.us","id":"true_573132318907@c.us_3EB0ACBB9B184B56FD11","queueNumber":1526}
{"sent":true,"message":"Sent to 573132318907@c.us","id":"true_573132318907@c.us_3EB066F4FBBBDE4A78EF","queueNumber":1527}
{"sent":true,"message":"Sent to 573132318907@c.us","id":"true_573132318907@c.us_3EB0663E14DF7ECE5141","queueNumber":1528}
{"sent":true,"message":"Sent to 573132318907@c.us","id":"true_573132318907@c.us_3EB0A5356DC33BB6159D","queueNumber":1529}
{"sent":true,"message":"Sent to 573132318907@c.us","id":"true_573132318907@c.us_3EB0C961DEDB96A96B17","queueNumber":2346}
{"sent":false,"message":"phone parameter should contain only numbers, start from country code and be 10-14 characters long"}
{"sent":true,"message":"Sent to 573132318907@c.us","id":"true_573132318907@c.us_3EB0BBC61A26EF75CAB1","queueNumber":2347}
{"sent":true,"message":"Sent to 573132318907@c.us","id":"true_573132318907@c.us_3EB0FD6A51C4ABF0226A","queueNumber":2348}
{"sent":true,"message":"Sent to 573132318907@c.us","id":"true_573132318907@c.us_3EB0F26715DA8E312925","queueNumber":2349}
{"sent":true,"message":"Sent to 573132318907@c.us","id":"true_573132318907@c.us_3EB08AA6C0E843D7FD00","queueNumber":2350}
{"sent":true,"message":"Sent to 573132318907@c.us","id":"true_573132318907@c.us_3EB0B6D959B369ADABA0","queueNumber":2351}
{"sent":true,"message":"Sent to 573132318907@c.us","id":"true_573132318907@c.us_3EB0A31FFC929BD73017","queueNumber":2352}
{"sent":true,"message":"Sent to 573132318907@c.us","id":"true_573132318907@c.us_3EB08C05C79F8B504465","queueNumber":199}

{"sent":true,"message":"Sent to 17252248335@c.us","id":"true_17252248335@c.us_3EB0A493B7F828A37754","queueNumber":218}
{"sent":true,"message":"Sent to 573132318907@c.us","id":"true_573132318907@c.us_3EB0B72B8EF94EF85897","queueNumber":219}
{"sent":true,"message":"Sent to 17252248335@c.us","id":"true_17252248335@c.us_3EB0525C41E98E8E5286","queueNumber":220}
{"sent":true,"message":"Sent to 573132318907@c.us","id":"true_573132318907@c.us_3EB06BF7B3A452D84160","queueNumber":441}
{"sent":true,"message":"Sent to 573132318907@c.us","id":"true_573132318907@c.us_3EB008D918AF9C628F0E","queueNumber":442}
{"sent":true,"message":"Sent to 573132318907@c.us","id":"true_573132318907@c.us_3EB00F938A44D28C309C","queueNumber":443}
{"sent":true,"message":"Sent to 573132318907@c.us","id":"true_573132318907@c.us_3EB03F681B271AE3D062","queueNumber":444}
{"sent":true,"message":"Sent to 573132318907@c.us","id":"true_573132318907@c.us_3EB066CD177666E12C33","queueNumber":445}
{"sent":true,"message":"Sent to 573132318907@c.us","id":"true_573132318907@c.us_3EB0004C5ED90A9DCFF6","queueNumber":446}
{"sent":true,"message":"Sent to 573132318907@c.us","id":"true_573132318907@c.us_3EB015BA0254142D8141","queueNumber":447}
{"sent":true,"message":"Sent to 573132318907@c.us","id":"true_573132318907@c.us_3EB05625812ED0DB12D5","queueNumber":453}
{"sent":true,"message":"Sent to 573132318907@c.us","id":"true_573132318907@c.us_3EB0DDC496A5CFF75DCD","queueNumber":456}
{"sent":true,"message":"Sent to 573132318907@c.us","id":"true_573132318907@c.us_3EB0CFB99E30302766BC","queueNumber":457}
{"sent":true,"message":"Sent to 573132318907@c.us","id":"true_573132318907@c.us_3EB020D5B6C5FB1430A3","queueNumber":487}
{"sent":true,"message":"Sent to 573132318907@c.us","id":"true_573132318907@c.us_3EB0175A712CFB2768AA","queueNumber":552}
{"sent":true,"message":"Sent to 573132318907@c.us","id":"true_573132318907@c.us_3EB0F7B095BA0D3CB1E6","queueNumber":553}
{"sent":true,"message":"Sent to 573132318907@c.us","id":"true_573132318907@c.us_3EB0C1C95445C443FFEE","queueNumber":554}
{"sent":true,"message":"Sent to 573132318907@c.us","id":"true_573132318907@c.us_3EB05175F210A92D7BFE","queueNumber":578}
{"sent":true,"message":"Sent to 573132318907@c.us","id":"true_573132318907@c.us_3EB094C06BB73853BCE1","queueNumber":5}
{"sent":true,"message":"Sent to 573132318907@c.us","id":"true_573132318907@c.us_3EB0C8ED203E7A551618","queueNumber":6}
{"sent":true,"message":"Sent to 17863047691@c.us","id":"true_17863047691@c.us_3EB05D22EEF57305E8CE","queueNumber":21}


{"sent":true,"message":"Sent to 573132318907@c.us","id":"true_573132318907@c.us_3EB0219AAE75A7DD9FAD","queueNumber":81}
{"sent":true,"message":"Sent to 573132318907@c.us","id":"true_573132318907@c.us_3EB0E07F5E298391BC01","queueNumber":82}
{"sent":true,"message":"Sent to 573132318907@c.us","id":"true_573132318907@c.us_3EB00743FC0C9BA5CB60","queueNumber":83}
{"sent":true,"message":"Sent to 573132318907@c.us","id":"true_573132318907@c.us_3EB0F6EBBB4091E71B6E","queueNumber":84}
