{"sent":true,"message":"Sent to 573132318907@c.us","id":"true_573132318907@c.us_3EB0CAE417273EF9F3FB","queueNumber":78}
{"sent":true,"message":"Sent to 573132318907@c.us","id":"true_573132318907@c.us_3EB02871C0241D59ABA9","queueNumber":79}
{"sent":true,"message":"Sent to 5731323189071@c.us","id":"true_5731323189071@c.us_3EB0A75FE5EA36608893","queueNumber":80}
{"sent":true,"message":"Sent to 34654448905@c.us","id":"true_34654448905@c.us_3EB03448A1C9C32B4C41","queueNumber":81}
{"sent":true,"message":"Sent to 17868301589@c.us","id":"true_17868301589@c.us_3EB0B026DEDF515DA2A2","queueNumber":82}
{"sent":true,"message":"Sent to 17864869299@c.us","id":"true_17864869299@c.us_3EB07C020056FAC3B08F","queueNumber":83}
{"sent":true,"message":"Sent to 573132318907@c.us","id":"true_573132318907@c.us_3EB09D566CCA79DFA317","queueNumber":84}
{"sent":true,"message":"Sent to 17866374458@c.us","id":"true_17866374458@c.us_3EB08C4F3AD5045464DE","queueNumber":85}
{"sent":true,"message":"Sent to 17868306796@c.us","id":"true_17868306796@c.us_3EB089684AF00FD66BF7","queueNumber":86}
{"sent":false,"message":"phone parameter should contain only numbers, start from country code and be 10-14 characters long"}
{"sent":true,"message":"Sent to 17252248335@c.us","id":"true_17252248335@c.us_3EB03EF0C22E545064F9","queueNumber":87}
{"sent":true,"message":"Sent to 34660909137@c.us","id":"true_34660909137@c.us_3EB051A34CC42D741798","queueNumber":88}
{"sent":true,"message":"Sent to 584141202326@c.us","id":"true_584141202326@c.us_3EB00C65ED3E24729D75","queueNumber":89}
{"sent":true,"message":"Sent to 5491133684999@c.us","id":"true_5491133684999@c.us_3EB0AFB6758FE01CBBD4","queueNumber":90}
{"sent":true,"message":"Sent to 2975642055@c.us","id":"true_2975642055@c.us_3EB065854410C05D6CE2","queueNumber":91}
{"sent":true,"message":"Sent to 573226596999@c.us","id":"true_573226596999@c.us_3EB05524CDDD6D500DB0","queueNumber":92}
{"sent":true,"message":"Sent to 17866814325@c.us","id":"true_17866814325@c.us_3EB0E415FFA3079A1738","queueNumber":93}
{"sent":true,"message":"Sent to 18509803156@c.us","id":"true_18509803156@c.us_3EB01C7092A854D63ADE","queueNumber":94}
{"sent":true,"message":"Sent to 17865724699@c.us","id":"true_17865724699@c.us_3EB0523637BD7C0D55F7","queueNumber":95}
{"sent":true,"message":"Sent to 573153431824@c.us","id":"true_573153431824@c.us_3EB0412E4194D10280CA","queueNumber":96}
{"sent":true,"message":"Sent to 573145663346@c.us","id":"true_573145663346@c.us_3EB0B558E6CA883643A1","queueNumber":97}
{"sent":true,"message":"Sent to 7866374458@c.us","id":"true_7866374458@c.us_3EB0F42D1C0AAFF9CE87","queueNumber":98}
{"sent":true,"message":"Sent to 17862955900@c.us","id":"true_17862955900@c.us_3EB0D8474FFE668C9681","queueNumber":99}
{"sent":true,"message":"Sent to 17864201094@c.us","id":"true_17864201094@c.us_3EB0F362462F236F298B","queueNumber":100}
{"sent":true,"message":"Sent to 17865934990@c.us","id":"true_17865934990@c.us_3EB07F87C2CE5719D382","queueNumber":101}
{"sent":true,"message":"Sent to 17862389676@c.us","id":"true_17862389676@c.us_3EB0E0E4195F351FFE8B","queueNumber":102}
{"sent":true,"message":"Sent to 13214249554@c.us","id":"true_13214249554@c.us_3EB0D616A6AE8C103535","queueNumber":103}
{"sent":true,"message":"Sent to 17863251098@c.us","id":"true_17863251098@c.us_3EB04F65A316C7A49D25","queueNumber":104}
{"sent":true,"message":"Sent to 584141539214@c.us","id":"true_584141539214@c.us_3EB0A3B1D635C2DDEA16","queueNumber":105}
{"sent":true,"message":"Sent to 584142114115@c.us","id":"true_584142114115@c.us_3EB09333A5996E2B4392","queueNumber":106}
{"sent":true,"message":"Sent to 13054977831@c.us","id":"true_13054977831@c.us_3EB0DD0E2640BB4BB312","queueNumber":107}
{"sent":true,"message":"Sent to 13054977434@c.us","id":"true_13054977434@c.us_3EB01D52ED0C1E8AAD71","queueNumber":108}
{"sent":true,"message":"Sent to 19546683864@c.us","id":"true_19546683864@c.us_3EB063CDEDE30C7781B4","queueNumber":7}
{"sent":true,"message":"Sent to 17863047691@c.us","id":"true_17863047691@c.us_3EB00414068DCFDEAF5D","queueNumber":22}
