{"sent":true,"message":"Sent to 573132318907@c.us","id":"true_573132318907@c.us_3EB0AAB621AB117742F7","queueNumber":1504}
{"sent":true,"message":"Sent to 573132318907@c.us","id":"true_573132318907@c.us_3EB0E89519AB453EEC55","queueNumber":1522}
{"sent":true,"message":"Sent to 573132318907@c.us","id":"true_573132318907@c.us_3EB025EF9BEC83179A6A","queueNumber":1576}
{"sent":true,"message":"Sent to 573132318907@c.us","id":"true_573132318907@c.us_3EB0F118570D2CC029E2","queueNumber":1577}
{"sent":true,"message":"Sent to 573132318907@c.us","id":"true_573132318907@c.us_3EB04391CFF58E61F9EC","queueNumber":1578}
{"sent":true,"message":"Sent to 573132318907@c.us","id":"true_573132318907@c.us_3EB0CC066F67CE27021F","queueNumber":1579}
{"sent":true,"message":"Sent to 573132318907@c.us","id":"true_573132318907@c.us_3EB0EC2037B5D3419BB8","queueNumber":1580}
{"sent":true,"message":"Sent to 573132318907@c.us","id":"true_573132318907@c.us_3EB085149C96AD484A4B","queueNumber":1581}
{"sent":true,"message":"Sent to 573132318907@c.us","id":"true_573132318907@c.us_3EB0060D763A0052F567","queueNumber":1582}
{"sent":true,"message":"Sent to 573132318907@c.us","id":"true_573132318907@c.us_3EB0DD18CC6B7C538634","queueNumber":1583}
{"sent":true,"message":"Sent to 573132318907@c.us","id":"true_573132318907@c.us_3EB0F8E83C13D3EB8823","queueNumber":1584}
{"sent":true,"message":"Sent to 573132318907@c.us","id":"true_573132318907@c.us_3EB07826DED74F190A53","queueNumber":1585}
{"sent":true,"message":"Sent to 573132318907@c.us","id":"true_573132318907@c.us_3EB0847A6E43EAEC6B78","queueNumber":1586}
{"sent":true,"message":"Sent to 573132318907@c.us","id":"true_573132318907@c.us_3EB01CC2BB6EC05E4281","queueNumber":1587}
{"sent":true,"message":"Sent to 573132318907@c.us","id":"true_573132318907@c.us_3EB0DB824A682D3D98EF","queueNumber":1588}
{"sent":true,"message":"Sent to 573132318907@c.us","id":"true_573132318907@c.us_3EB0809A192A3370F68B","queueNumber":1589}
{"sent":true,"message":"Sent to 573132318907@c.us","id":"true_573132318907@c.us_3EB0EC75BDF6B7931CE2","queueNumber":1590}
{"sent":true,"message":"Sent to 573132318907@c.us","id":"true_573132318907@c.us_3EB02E7CE0F8FA11945A","queueNumber":1591}
{"sent":true,"message":"Sent to 573132318907@c.us","id":"true_573132318907@c.us_3EB03981EBBA024AF395","queueNumber":1592}
{"sent":true,"message":"Sent to 573132318907@c.us","id":"true_573132318907@c.us_3EB0A3671CA232B69157","queueNumber":1593}
{"sent":true,"message":"Sent to 573132318907@c.us","id":"true_573132318907@c.us_3EB02BB55A191D29CB97","queueNumber":1594}
{"sent":true,"message":"Sent to 573132318907@c.us","id":"true_573132318907@c.us_3EB089B707A258F7CAE5","queueNumber":1595}
{"sent":true,"message":"Sent to 573132318907@c.us","id":"true_573132318907@c.us_3EB0CFC5AEA6CF845CA4","queueNumber":1596}
{"sent":true,"message":"Sent to 573132318907@c.us","id":"true_573132318907@c.us_3EB03D447A7F2EB85FB5","queueNumber":1597}
{"sent":true,"message":"Sent to 573132318907@c.us","id":"true_573132318907@c.us_3EB0358BAC43EC7AF966","queueNumber":1598}
{"sent":true,"message":"Sent to 573132318907@c.us","id":"true_573132318907@c.us_3EB0889E9EBCEBEB5848","queueNumber":1599}
{"sent":true,"message":"Sent to 573132318907@c.us","id":"true_573132318907@c.us_3EB01E4F50583A78DDD2","queueNumber":1600}
{"sent":true,"message":"Sent to 573132318907@c.us","id":"true_573132318907@c.us_3EB096537929744BEE8A","queueNumber":1601}
{"sent":true,"message":"Sent to 573132318907@c.us","id":"true_573132318907@c.us_3EB0B485454B0E507FB9","queueNumber":1602}
{"sent":true,"message":"Sent to 573132318907@c.us","id":"true_573132318907@c.us_3EB04A2057DE9D649060","queueNumber":1603}
{"sent":true,"message":"Sent to 573132318907@c.us","id":"true_573132318907@c.us_3EB09104398C8C824E3C","queueNumber":1604}
{"sent":true,"message":"Sent to 573132318907@c.us","id":"true_573132318907@c.us_3EB0C68D5E7384849116","queueNumber":1605}
{"sent":true,"message":"Sent to 573132318907@c.us","id":"true_573132318907@c.us_3EB0AD658FC7BDDB3949","queueNumber":1606}
{"sent":true,"message":"Sent to 573132318907@c.us","id":"true_573132318907@c.us_3EB02C0649BC0CD26C39","queueNumber":1607}
{"sent":true,"message":"Sent to 573132318907@c.us","id":"true_573132318907@c.us_3EB0B35935FFABE4FFF5","queueNumber":1608}
{"sent":true,"message":"Sent to 573132318907@c.us","id":"true_573132318907@c.us_3EB0C69B33DC1A05ADE7","queueNumber":1609}
{"sent":true,"message":"Sent to 573132318907@c.us","id":"true_573132318907@c.us_3EB076CE2DDC153BC753","queueNumber":1610}
{"sent":true,"message":"Sent to 573132318907@c.us","id":"true_573132318907@c.us_3EB0B67979C517496105","queueNumber":1611}
{"sent":true,"message":"Sent to 3132318907@c.us","id":"true_3132318907@c.us_3EB05B21F50A6D5D6879","queueNumber":1612}
{"sent":true,"message":"Sent to 573132318907@c.us","id":"true_573132318907@c.us_3EB0CED7C69820FEA2BB","queueNumber":486}
{"sent":true,"message":"Sent to 17864869299@c.us","id":"true_17864869299@c.us_3EB064174F5C59F8F9BD","queueNumber":1}
{"sent":true,"message":"Sent to 3132318907@c.us","id":"true_3132318907@c.us_3EB0E99EBA624F7E8D35","queueNumber":2}
{"sent":true,"message":"Sent to 3132318907@c.us","id":"true_3132318907@c.us_3EB00591724B58B2DAD6","queueNumber":3}
{"sent":true,"message":"Sent to 17868301589@c.us","id":"true_17868301589@c.us_3EB04D9FF20928C0D6C3","queueNumber":4}
{"sent":true,"message":"Sent to 3132318907@c.us","id":"true_3132318907@c.us_3EB012A97F7074E6C296","queueNumber":8}
{"sent":true,"message":"Sent to 17868301589@c.us","id":"true_17868301589@c.us_3EB098F5C009631DCE35","queueNumber":9}
