{"sent":true,"message":"Sent to 19546683864@c.us","id":"true_19546683864@c.us_3EB0A676BD760851B77A","queueNumber":42}
{"sent":false,"message":"Message was not sent: empty body. Please provide message text in body parameter in JSON POST."}
{"sent":true,"message":"Sent to 19546683864@c.us","id":"true_19546683864@c.us_3EB0E935A6F0ED91236A","queueNumber":43}
{"sent":false,"message":"Message was not sent: empty body. Please provide message text in body parameter in JSON POST."}
{"sent":true,"message":"Sent to 19546683864@c.us","id":"true_19546683864@c.us_3EB0343FB1F1F3CA8841","queueNumber":44}
{"sent":false,"message":"Message was not sent: empty body. Please provide message text in body parameter in JSON POST."}
{"sent":true,"message":"Sent to 19546683864@c.us","id":"true_19546683864@c.us_3EB0499267E98F419FF4","queueNumber":45}
{"sent":false,"message":"Message was not sent: empty body. Please provide message text in body parameter in JSON POST."}
{"sent":true,"message":"Sent to 19546683864@c.us","id":"true_19546683864@c.us_3EB0DD9630264CF97737","queueNumber":46}
{"sent":true,"message":"Sent to 19546683864@c.us","id":"true_19546683864@c.us_3EB057222E9291056E71","queueNumber":47}
{"sent":true,"message":"Sent to 19546683864@c.us","id":"true_19546683864@c.us_3EB0297BE7FC57F1CD7F","queueNumber":48}
{"sent":true,"message":"Sent to 19546683864@c.us","id":"true_19546683864@c.us_3EB007596DA3118641DB","queueNumber":49}
{"sent":true,"message":"Sent to 19546683864@c.us","id":"true_19546683864@c.us_3EB03FD09F2372F1E0CB","queueNumber":50}
{"sent":true,"message":"Sent to 19546683864@c.us","id":"true_19546683864@c.us_3EB027BC98A720C13C72","queueNumber":51}
{"sent":true,"message":"Sent to 19546683864@c.us","id":"true_19546683864@c.us_3EB00AF70ECBB99E8922","queueNumber":52}
{"sent":true,"message":"Sent to 19546683864@c.us","id":"true_19546683864@c.us_3EB0C91906FE788659A2","queueNumber":53}
{"sent":true,"message":"Sent to 19546683864@c.us","id":"true_19546683864@c.us_3EB05058F9D932233C84","queueNumber":54}
{"sent":true,"message":"Sent to 19546683864@c.us","id":"true_19546683864@c.us_3EB0C2DFE5E6ED9DEA6F","queueNumber":55}
{"sent":false,"message":"Message was not sent: empty body. Please provide message text in body parameter in JSON POST."}
{"sent":true,"message":"Sent to 19546683864@c.us","id":"true_19546683864@c.us_3EB052D2D22F7DCCF97F","queueNumber":56}
{"sent":false,"message":"Message was not sent: empty body. Please provide message text in body parameter in JSON POST."}
{"sent":true,"message":"Sent to 19546683864@c.us","id":"true_19546683864@c.us_3EB0E1596A062E1720C5","queueNumber":57}
{"sent":false,"message":"Message was not sent: empty body. Please provide message text in body parameter in JSON POST."}
{"sent":true,"message":"Sent to 19546683864@c.us","id":"true_19546683864@c.us_3EB0BF2E575D14D0645B","queueNumber":58}
{"sent":true,"message":"Sent to 19546683864@c.us","id":"true_19546683864@c.us_3EB02DCE308532C2ED10","queueNumber":59}
{"sent":true,"message":"Sent to 19546683864@c.us","id":"true_19546683864@c.us_3EB06FACF95CB2A8323E","queueNumber":60}
{"sent":true,"message":"Sent to 19546683864@c.us","id":"true_19546683864@c.us_3EB035239D6CD4281390","queueNumber":61}
{"error":"Unsupported file type"}
{"error":"Unsupported file type"}
{"error":"Unsupported file type"}
{"error":"Unsupported file type"}
{"sent":true,"message":"Sent to 19546683864@c.us","id":"true_19546683864@c.us_3EB09AAD60F5D4B20990","queueNumber":62}
{"error":"Unsupported file type"}
{"sent":true,"message":"Sent to 19546683864@c.us","id":"true_19546683864@c.us_3EB0EB9F149BA5F2AEC7","queueNumber":63}
{"sent":true,"message":"Sent to 19546683864@c.us","id":"true_19546683864@c.us_3EB066B1D83129371627","queueNumber":64}
{"sent":true,"message":"Sent to 19546683864@c.us","id":"true_19546683864@c.us_3EB078A38824FB20CD14","queueNumber":65}
{"sent":true,"message":"Sent to 19546683864@c.us","id":"true_19546683864@c.us_3EB0E49D17E8F4D0AA90","queueNumber":66}
{"sent":true,"message":"Sent to 19546683864@c.us","id":"true_19546683864@c.us_3EB04CA64164FB7EC619","queueNumber":67}
{"sent":true,"message":"Sent to 19546683864@c.us","id":"true_19546683864@c.us_3EB04B7DBECCD2D24D64","queueNumber":68}
{"sent":true,"message":"Sent to 19546683864@c.us","id":"true_19546683864@c.us_3EB09646688E533E11E9","queueNumber":69}
{"sent":true,"message":"Sent to 19546683864@c.us","id":"true_19546683864@c.us_3EB0686BAACB062A2752","queueNumber":70}
{"sent":true,"message":"Sent to 19546683864@c.us","id":"true_19546683864@c.us_3EB063E34DADEC7A13D0","queueNumber":71}
{"error":"Unsupported file type"}
{"error":"Unsupported file type"}
{"sent":false,"message":"Message was not sent: empty body. Please provide message text in body parameter in JSON POST."}
{"sent":true,"message":"Sent to 19546683864@c.us","id":"true_19546683864@c.us_3EB082C0ABB7AEB59004","queueNumber":72}
{"sent":true,"message":"Sent to 19546683864@c.us","id":"true_19546683864@c.us_3EB092AF4DED8267EB9D","queueNumber":73}
{"sent":true,"message":"Sent to 19546683864@c.us","id":"true_19546683864@c.us_3EB0D4D3C4536C12F1C1","queueNumber":74}
{"sent":false,"message":"Message was not sent: empty body. Please provide message text in body parameter in JSON POST."}
{"sent":true,"message":"Sent to 19546683864@c.us","id":"true_19546683864@c.us_3EB031523D901508433D","queueNumber":75}
{"sent":true,"message":"Sent to 19546683864@c.us","id":"true_19546683864@c.us_3EB0564619CF0D15951C","queueNumber":76}
{"sent":true,"message":"Sent to 19546683864@c.us","id":"true_19546683864@c.us_3EB0770B46AA7B44EE9F","queueNumber":77}
{"sent":true,"message":"Sent to 19546683864@c.us","id":"true_19546683864@c.us_3EB0B26D525BF49F0F4C","queueNumber":78}
{"sent":true,"message":"Sent to 19546683864@c.us","id":"true_19546683864@c.us_3EB08AC20A66DA355748","queueNumber":79}
{"sent":true,"message":"Sent to 19546683864@c.us","id":"true_19546683864@c.us_3EB045D49D77CCDD4995","queueNumber":80}
{"sent":true,"message":"Sent to 19546683864@c.us","id":"true_19546683864@c.us_3EB0046FAE6A45589F98","queueNumber":81}
{"sent":true,"message":"Sent to 19546683864@c.us","id":"true_19546683864@c.us_3EB0168D56DE9969330F","queueNumber":82}
{"sent":true,"message":"Sent to 19546683864@c.us","id":"true_19546683864@c.us_3EB03DC8D4F2CB2C0EC3","queueNumber":83}
{"sent":true,"message":"Sent to 19546683864@c.us","id":"true_19546683864@c.us_3EB083861BEF31AF33C4","queueNumber":84}
{"sent":true,"message":"Sent to 19546683864@c.us","id":"true_19546683864@c.us_3EB05F18775A82A79099","queueNumber":85}
